{"logTime": "0414/020856", "correlationVector":"BClonIPhYgzfh6XNj0S7Te","action":"Normal GetUpdate request", "result":"", "context":cV=BClonIPhYgzfh6XNj0S7Te
Notified types: History}
{"logTime": "0414/020856", "correlationVector":"BClonIPhYgzfh6XNj0S7Te.1","action":"SyncServerConnectionManagerRequest", "result":"SYNC_SERVER_OK", "context":{"environment":"Prod_canadacentral_prod-s01-021-nam-canadacentral", "migrationStage":"NotStarted", "server":"akswtt112000004"}}
{"logTime": "0414/020856", "correlationVector":"BClonIPhYgzfh6XNj0S7Te.2","action":"ProcessGetUpdates", "result":"Done", "context":{"dataType":"Sessions", "deleted":"0", "process_failed_to_decrypt":"0", "process_pending_decryption":"0", "process_success":"1", "total":"1"}}
{"logTime": "0414/020856", "correlationVector":"BClonIPhYgzfh6XNj0S7Te.3","action":"ProcessGetUpdates", "result":"Done", "context":{"dataType":"History", "deleted":"0", "process_failed_to_decrypt":"0", "process_pending_decryption":"0", "process_success":"2", "total":"2"}}
{"logTime": "0414/020856", "correlationVector":"BClonIPhYgzfh6XNj0S7Te.4","action":"GetUpdates Response", "result":"Success", "context":Received 3 update(s). cV=BClonIPhYgzfh6XNj0S7Te.0;server=akswtt112000004;cloudType=Consumer;environment=Prod_canadacentral_prod-s01-021-nam-canadacentral;migrationStage=NotStarted}
{"logTime": "0414/021012", "correlationVector":"Lixko+OXBTAS40xzQBk3Et","action":"Normal GetUpdate request", "result":"", "context":cV=Lixko+OXBTAS40xzQBk3Et
Notified types: History}
{"logTime": "0414/021012", "correlationVector":"Lixko+OXBTAS40xzQBk3Et.1","action":"SyncServerConnectionManagerRequest", "result":"SYNC_SERVER_OK", "context":{"environment":"Prod_canadacentral_prod-s01-021-nam-canadacentral", "migrationStage":"NotStarted", "server":"akswtt112000009"}}
{"logTime": "0414/021012", "correlationVector":"Lixko+OXBTAS40xzQBk3Et.2","action":"ProcessGetUpdates", "result":"Done", "context":{"dataType":"Sessions", "deleted":"1", "process_failed_to_decrypt":"0", "process_pending_decryption":"0", "process_success":"3", "total":"3"}}
{"logTime": "0414/021012", "correlationVector":"Lixko+OXBTAS40xzQBk3Et.3","action":"ProcessGetUpdates", "result":"Done", "context":{"dataType":"History", "deleted":"0", "process_failed_to_decrypt":"0", "process_pending_decryption":"0", "process_success":"1", "total":"1"}}
{"logTime": "0414/021012", "correlationVector":"Lixko+OXBTAS40xzQBk3Et.4","action":"GetUpdates Response", "result":"Success", "context":Received 4 update(s). cV=Lixko+OXBTAS40xzQBk3Et.0;server=akswtt112000009;cloudType=Consumer;environment=Prod_canadacentral_prod-s01-021-nam-canadacentral;migrationStage=NotStarted}
{"logTime": "0416/134224", "correlationVector":"WNTOCecQDr47j3kZffrbpc","action":"Poll GetUpdate request", "result":"", "context":cV=WNTOCecQDr47j3kZffrbpc}
{"logTime": "0416/134225", "correlationVector":"WNTOCecQDr47j3kZffrbpc.1","action":"SyncServerConnectionManagerRequest", "result":"SYNC_AUTH_ERROR", "context":{"environment":"Prod_eastus2_prod-s01-050-nam-eastus2", "migrationStage":"NotStarted", "server":"akswtt11300000o"}}
{"logTime": "0416/134225", "correlationVector":"WNTOCecQDr47j3kZffrbpc.2","action":"GetUpdates Response", "result":"HTTP error (401)", "context":Received error: HTTP error (401). cV=WNTOCecQDr47j3kZffrbpc.0;server=akswtt11300000o;cloudType=Undetermined;environment=Prod_eastus2_prod-s01-050-nam-eastus2;migrationStage=NotStarted}
{"logTime": "0416/134225", "correlationVector":"WNTOCecQDr47j3kZffrbpc.3","action":"SyncServerConnectionManagerRequest", "result":"SYNC_SERVER_ERROR", "context":{"environment":"", "error_type":"http_status_code", "error_value":"400", "migrationStage":"", "server":""}}
{"logTime": "0416/134234", "correlationVector":"pHhdkF7b/wYxBNywCXe2FR","action":"Commit Request", "result":"", "context":Item count: 2
Contributing types: Preferences, Device Info}
{"logTime": "0416/134235", "correlationVector":"pHhdkF7b/wYxBNywCXe2FR.1","action":"SyncServerConnectionManagerRequest", "result":"SYNC_SERVER_OK", "context":{"environment":"Prod_eastus2_prod-s01-050-nam-eastus2", "migrationStage":"NotStarted", "server":"akswtt11300000d"}}
{"logTime": "0416/134235", "correlationVector":"pHhdkF7b/wYxBNywCXe2FR.2","action":"Commit Response", "result":"Success", "context":Result: Success. cV=pHhdkF7b/wYxBNywCXe2FR.0;server=akswtt11300000d;cloudType=Consumer;environment=Prod_eastus2_prod-s01-050-nam-eastus2;migrationStage=NotStarted}
{"logTime": "0416/134235", "correlationVector":"WoOGm7N1sheScOsuyBwMry","action":"Poll GetUpdate request", "result":"", "context":cV=WoOGm7N1sheScOsuyBwMry}
{"logTime": "0416/134235", "correlationVector":"WoOGm7N1sheScOsuyBwMry.1","action":"SyncServerConnectionManagerRequest", "result":"SYNC_SERVER_OK", "context":{"environment":"Prod_eastus2_prod-s01-050-nam-eastus2", "migrationStage":"NotStarted", "server":"akswtt11300000t"}}
{"logTime": "0416/134235", "correlationVector":"WoOGm7N1sheScOsuyBwMry.2","action":"ProcessGetUpdates", "result":"Done", "context":{"dataType":"Preferences", "deleted":"0", "process_failed_to_decrypt":"0", "process_pending_decryption":"0", "process_success":"1", "total":"1"}}
{"logTime": "0416/134235", "correlationVector":"WoOGm7N1sheScOsuyBwMry.3","action":"ProcessGetUpdates", "result":"Done", "context":{"dataType":"Device Info", "deleted":"0", "process_failed_to_decrypt":"0", "process_pending_decryption":"0", "process_success":"1", "total":"1"}}
{"logTime": "0416/134235", "correlationVector":"WoOGm7N1sheScOsuyBwMry.4","action":"GetUpdates Response", "result":"Success", "context":Received 2 update(s). cV=WoOGm7N1sheScOsuyBwMry.0;server=akswtt11300000t;cloudType=Consumer;environment=Prod_eastus2_prod-s01-050-nam-eastus2;migrationStage=NotStarted}
{"logTime": "0416/134235", "correlationVector":"HHLX2SqB915PBf4LyRFPWe","action":"DoCompareDataConsistency requsted types: ", "result":"Bookmarks, Preferences, Passwords, Extensions, Extension settings, History Delete Directives, Send Tab To Self, Web Apps, History, Saved Tab Group, WebAuthn Credentials, Collection, Edge E Drop, Edge Wallet, Edge Workspace, Encryption Keys"}
{"logTime": "0416/134235", "correlationVector":"HHLX2SqB915PBf4LyRFPWe.0","action":"CompareDataConsistency result: ", "result":"Compare result: Encryption Keys is consistent. local entities count is: 1 local entities hash is: dLVORtHvGLpb7rb2YKbwVnDKt9A="}
{"logTime": "0416/134235", "correlationVector":"HHLX2SqB915PBf4LyRFPWe.1","action":"CompareDataConsistency result: ", "result":"Compare result: Bookmarks is consistent. local entities count is: 11 local entities hash is: CGzt8Aw9/jIJjdYubAqLcLiupSY="}
{"logTime": "0416/134235", "correlationVector":"HHLX2SqB915PBf4LyRFPWe.2","action":"CompareDataConsistency result: ", "result":"Compare result: Preferences is consistent. local entities count is: 77 local entities hash is: X6MBTeqP0DIBc4A2LLrq34GkahI="}
{"logTime": "0416/134235", "correlationVector":"HHLX2SqB915PBf4LyRFPWe.3","action":"CompareDataConsistency result: ", "result":"Compare result: Extensions is consistent. local entities count is: 0 local entities hash is: "}
{"logTime": "0416/134235", "correlationVector":"HHLX2SqB915PBf4LyRFPWe.4","action":"CompareDataConsistency result: ", "result":"Compare result: Extension settings is consistent. local entities count is: 0 local entities hash is: "}
{"logTime": "0416/134235", "correlationVector":"HHLX2SqB915PBf4LyRFPWe.5","action":"CompareDataConsistency result: ", "result":"Compare result: History Delete Directives is consistent. local entities count is: 0 local entities hash is: "}
{"logTime": "0416/134235", "correlationVector":"HHLX2SqB915PBf4LyRFPWe.6","action":"CompareDataConsistency result: ", "result":"Server did not send this Send Tab To Self local entities count is: 0 local entities hash is: "}
{"logTime": "0416/134235", "correlationVector":"HHLX2SqB915PBf4LyRFPWe.7","action":"CompareDataConsistency result: ", "result":"Compare result: Web Apps is consistent. local entities count is: 1 local entities hash is: /wweL8vdkRqwyIdcPNPEAkGyfrc="}
{"logTime": "0416/134235", "correlationVector":"HHLX2SqB915PBf4LyRFPWe.8","action":"CompareDataConsistency result: ", "result":"Server did not send this History local entities count is: 0 local entities hash is: "}
{"logTime": "0416/134235", "correlationVector":"HHLX2SqB915PBf4LyRFPWe.9","action":"CompareDataConsistency result: ", "result":"Compare result: Saved Tab Group is consistent. local entities count is: 0 local entities hash is: "}
{"logTime": "0416/134235", "correlationVector":"HHLX2SqB915PBf4LyRFPWe.10","action":"CompareDataConsistency result: ", "result":"Server did not send this WebAuthn Credentials local entities count is: 0 local entities hash is: "}
{"logTime": "0416/134235", "correlationVector":"HHLX2SqB915PBf4LyRFPWe.11","action":"CompareDataConsistency result: ", "result":"Compare result: Collection is consistent. local entities count is: 0 local entities hash is: "}
{"logTime": "0416/134235", "correlationVector":"HHLX2SqB915PBf4LyRFPWe.12","action":"CompareDataConsistency result: ", "result":"Compare result: Edge E Drop is consistent. local entities count is: 0 local entities hash is: "}
{"logTime": "0416/134235", "correlationVector":"HHLX2SqB915PBf4LyRFPWe.13","action":"CompareDataConsistency result: ", "result":"Compare result: Edge Wallet is consistent. local entities count is: 0 local entities hash is: "}
{"logTime": "0416/134235", "correlationVector":"HHLX2SqB915PBf4LyRFPWe.14","action":"CompareDataConsistency result: ", "result":"Server did not send this Edge Workspace local entities count is: 0 local entities hash is: "}
{"logTime": "0416/134235", "correlationVector":"HHLX2SqB915PBf4LyRFPWe.15","action":"CompareDataConsistency result: ", "result":"Compare result: Passwords is consistent. local entities count is: 133 local entities hash is: vwCiMJiZEE6CvbUKzrVkhY83GvY="}
{"logTime": "0416/134236", "correlationVector":"HHLX2SqB915PBf4LyRFPWe.16","action":"SyncServerConnectionManagerRequest", "result":"SYNC_SERVER_OK", "context":{"environment":"", "migrationStage":"", "server":""}}
{"logTime": "0416/134236", "correlationVector":"HHLX2SqB915PBf4LyRFPWe.17","action":"EncryptionKeysFetcher.DownloadKeys:", "result":"Success", "context":Key count: 3, Last key timestamp: 2025-12-16T10:38:21Z}
{"logTime": "0416/134236", "correlationVector":"HHLX2SqB915PBf4LyRFPWe.18","action":"EncryptionKeysManager::SetEncryptionKeys:", "result":"Success", "context":Key names[3]:[75YHNq+3ol0aq8KgdipDLQfHWbTS9InKfzMZ3GubGJ3oNudj56oC/S/outoTxS919dPesMZtk71QbV1O8oHCoA==][KJCoDD8Y86v81CbiwNYnf0nx/D8ckqOUr5iQKRlbrackmJCOxmfbCwRR2Fl7Ha+RlmEstSBEjuUR3lbmymk26g==][RBXCcqw6jRG5j+VU8L4If3kizCDOYPcghBYR+rM355s6GkR27Yllnxox51wGdbzIt3oB1rFVNfShBGhTzR218w==]}
{"logTime": "0416/134236", "correlationVector":"HHLX2SqB915PBf4LyRFPWe.19","action":"EncryptionKeysManager::SetEncryptionKeysWithTimestamps:", "result":"Success", "context":Key timestamps[3]:[2024-12-20T08:27:39Z][2025-06-18T19:21:25Z][2025-12-16T10:38:21Z]}
{"logTime": "0416/134236", "correlationVector":"","action":"DIAGNOSTIC_REQUEST|v1/diagnosticData/Diagnostic.SendCheckResult()|SUCCESS", "result":""}
{"logTime": "0416/134238", "correlationVector":"YSrOFpQ9UogZYh3oWMSOq4","action":"Normal GetUpdate request", "result":"", "context":cV=YSrOFpQ9UogZYh3oWMSOq4
Nudged types: Sessions
Notified types: Preferences, Device Info}
{"logTime": "0416/134238", "correlationVector":"YSrOFpQ9UogZYh3oWMSOq4.1","action":"SyncServerConnectionManagerRequest", "result":"SYNC_SERVER_OK", "context":{"environment":"Prod_eastus_prod-s01-056-nam-eastus", "migrationStage":"NotStarted", "server":"akswtt113000007"}}
{"logTime": "0416/134238", "correlationVector":"YSrOFpQ9UogZYh3oWMSOq4.2","action":"ProcessGetUpdates", "result":"Done", "context":{"dataType":"Preferences", "deleted":"0", "process_failed_to_decrypt":"0", "process_pending_decryption":"0", "process_success":"1", "total":"1"}}
{"logTime": "0416/134238", "correlationVector":"YSrOFpQ9UogZYh3oWMSOq4.3","action":"ProcessGetUpdates", "result":"Done", "context":{"dataType":"Sessions", "deleted":"0", "process_failed_to_decrypt":"0", "process_pending_decryption":"0", "process_success":"1", "total":"1"}}
{"logTime": "0416/134238", "correlationVector":"YSrOFpQ9UogZYh3oWMSOq4.4","action":"ProcessGetUpdates", "result":"Done", "context":{"dataType":"Device Info", "deleted":"0", "process_failed_to_decrypt":"0", "process_pending_decryption":"0", "process_success":"1", "total":"1"}}
{"logTime": "0416/134238", "correlationVector":"YSrOFpQ9UogZYh3oWMSOq4.5","action":"GetUpdates Response", "result":"Success", "context":Received 3 update(s). cV=YSrOFpQ9UogZYh3oWMSOq4.0;server=akswtt113000007;cloudType=Consumer;environment=Prod_eastus_prod-s01-056-nam-eastus;migrationStage=NotStarted}
{"logTime": "0416/134238", "correlationVector":"CKRrhPFEgCPpZderlPG0Zv","action":"Commit Request", "result":"", "context":Item count: 3
Contributing types: Sessions}
{"logTime": "0416/134239", "correlationVector":"CKRrhPFEgCPpZderlPG0Zv.1","action":"SyncServerConnectionManagerRequest", "result":"SYNC_SERVER_OK", "context":{"environment":"Prod_eastus2_prod-s01-050-nam-eastus2", "migrationStage":"NotStarted", "server":"akswtt11300001c"}}
{"logTime": "0416/134239", "correlationVector":"CKRrhPFEgCPpZderlPG0Zv.3","action":"Commit.Sessions", "result":"Success", "context":{"id":"27de221a-1524-4893-8a8b-1a0a8e4c4b0e", "isDeleted":"true", "size":"0", "version":"1775018272965"}}
{"logTime": "0416/134239", "correlationVector":"CKRrhPFEgCPpZderlPG0Zv.4","action":"Commit.Sessions", "result":"Success", "context":{"id":"6047cad0-7282-4fd0-82e5-de14f12fac29", "isDeleted":"true", "size":"0", "version":"1775020781153"}}
{"logTime": "0416/134239", "correlationVector":"CKRrhPFEgCPpZderlPG0Zv.2","action":"Commit Response", "result":"Success", "context":Result: Success. cV=CKRrhPFEgCPpZderlPG0Zv.0;server=akswtt11300001c;cloudType=Consumer;environment=Prod_eastus2_prod-s01-050-nam-eastus2;migrationStage=NotStarted}
{"logTime": "0416/134239", "correlationVector":"CKRrhPFEgCPpZderlPG0Zv.5","action":"Commit.Sessions", "result":"Success", "context":{"id":"96ef00ed-b7d3-46a6-8464-af17a7f24582", "isDeleted":"true", "size":"0", "version":"1775023739041"}}
{"logTime": "0416/134246", "correlationVector":"RM+pkNNSl3Cz4uLLB6nspu","action":"Commit Request", "result":"", "context":Item count: 1
Contributing types: Device Info}
{"logTime": "0416/134246", "correlationVector":"RM+pkNNSl3Cz4uLLB6nspu.1","action":"SyncServerConnectionManagerRequest", "result":"SYNC_SERVER_OK", "context":{"environment":"Prod_eastus2_prod-s01-050-nam-eastus2", "migrationStage":"NotStarted", "server":"akswtt11300001c"}}
{"logTime": "0416/134246", "correlationVector":"RM+pkNNSl3Cz4uLLB6nspu.2","action":"Commit Response", "result":"Success", "context":Result: Success. cV=RM+pkNNSl3Cz4uLLB6nspu.0;server=akswtt11300001c;cloudType=Consumer;environment=Prod_eastus2_prod-s01-050-nam-eastus2;migrationStage=NotStarted}
{"logTime": "0416/134330", "correlationVector":"Zl3Vqudfnas4c6wdItydlb","action":"Normal GetUpdate request", "result":"", "context":cV=Zl3Vqudfnas4c6wdItydlb
Notified types: Device Info}
{"logTime": "0416/134330", "correlationVector":"Zl3Vqudfnas4c6wdItydlb.1","action":"SyncServerConnectionManagerRequest", "result":"SYNC_SERVER_OK", "context":{"environment":"Prod_eastus2_prod-s01-050-nam-eastus2", "migrationStage":"NotStarted", "server":"akswtt11300000x"}}
{"logTime": "0416/134330", "correlationVector":"Zl3Vqudfnas4c6wdItydlb.2","action":"ProcessGetUpdates", "result":"Done", "context":{"dataType":"Sessions", "deleted":"3", "process_failed_to_decrypt":"0", "process_pending_decryption":"0", "process_success":"3", "total":"3"}}
{"logTime": "0416/134330", "correlationVector":"Zl3Vqudfnas4c6wdItydlb.3","action":"ProcessGetUpdates", "result":"Done", "context":{"dataType":"Device Info", "deleted":"0", "process_failed_to_decrypt":"0", "process_pending_decryption":"0", "process_success":"2", "total":"2"}}
{"logTime": "0416/134330", "correlationVector":"Zl3Vqudfnas4c6wdItydlb.4","action":"GetUpdates Response", "result":"Success", "context":Received 5 update(s). cV=Zl3Vqudfnas4c6wdItydlb.0;server=akswtt11300000x;cloudType=Consumer;environment=Prod_eastus2_prod-s01-050-nam-eastus2;migrationStage=NotStarted}
{"logTime": "0416/134413", "correlationVector":"mPW7GmsMsgO9muKCkaWXXB","action":"Commit Request", "result":"", "context":Item count: 1
Contributing types: Device Info}
{"logTime": "0416/134416", "correlationVector":"mPW7GmsMsgO9muKCkaWXXB.1","action":"SyncServerConnectionManagerRequest", "result":"SYNC_SERVER_OK", "context":{"environment":"Prod_eastus2_prod-s01-050-nam-eastus2", "migrationStage":"NotStarted", "server":"akswtt113000003"}}
{"logTime": "0416/134416", "correlationVector":"mPW7GmsMsgO9muKCkaWXXB.2","action":"Commit Response", "result":"Success", "context":Result: Success. cV=mPW7GmsMsgO9muKCkaWXXB.0;server=akswtt113000003;cloudType=Consumer;environment=Prod_eastus2_prod-s01-050-nam-eastus2;migrationStage=NotStarted}
{"logTime": "0416/135555", "correlationVector":"kgxsroREkKmzUyiwuQ2kA0","action":"Normal GetUpdate request", "result":"", "context":cV=kgxsroREkKmzUyiwuQ2kA0
Notified types: History}
{"logTime": "0416/135555", "correlationVector":"kgxsroREkKmzUyiwuQ2kA0.1","action":"SyncServerConnectionManagerRequest", "result":"SYNC_SERVER_OK", "context":{"environment":"Prod_canadacentral_prod-s01-021-nam-canadacentral", "migrationStage":"NotStarted", "server":"akswtt000000000"}}
{"logTime": "0416/135555", "correlationVector":"kgxsroREkKmzUyiwuQ2kA0.2","action":"ProcessGetUpdates", "result":"Done", "context":{"dataType":"Sessions", "deleted":"0", "process_failed_to_decrypt":"0", "process_pending_decryption":"0", "process_success":"5", "total":"5"}}
{"logTime": "0416/135555", "correlationVector":"kgxsroREkKmzUyiwuQ2kA0.3","action":"ProcessGetUpdates", "result":"Done", "context":{"dataType":"Device Info", "deleted":"0", "process_failed_to_decrypt":"0", "process_pending_decryption":"0", "process_success":"1", "total":"1"}}
{"logTime": "0416/135555", "correlationVector":"kgxsroREkKmzUyiwuQ2kA0.4","action":"ProcessGetUpdates", "result":"Done", "context":{"dataType":"History", "deleted":"0", "process_failed_to_decrypt":"0", "process_pending_decryption":"0", "process_success":"5", "total":"5"}}
{"logTime": "0416/135555", "correlationVector":"kgxsroREkKmzUyiwuQ2kA0.5","action":"GetUpdates Response", "result":"Success", "context":Received 11 update(s). cV=kgxsroREkKmzUyiwuQ2kA0.0;server=akswtt000000000;cloudType=Consumer;environment=Prod_canadacentral_prod-s01-021-nam-canadacentral;migrationStage=NotStarted}
{"logTime": "0416/145145", "correlationVector":"5w+6Ux3N+YIJQ5azLF+Rbb","action":"Commit Request", "result":"", "context":Item count: 1
Contributing types: Sessions}
{"logTime": "0416/145145", "correlationVector":"5w+6Ux3N+YIJQ5azLF+Rbb.1","action":"SyncServerConnectionManagerRequest", "result":"SYNC_SERVER_OK", "context":{"environment":"Prod_canadacentral_prod-s01-021-nam-canadacentral", "migrationStage":"NotStarted", "server":"akswtt000000001"}}
{"logTime": "0416/145145", "correlationVector":"5w+6Ux3N+YIJQ5azLF+Rbb.2","action":"Commit Response", "result":"Success", "context":Result: Success. cV=5w+6Ux3N+YIJQ5azLF+Rbb.0;server=akswtt000000001;cloudType=Consumer;environment=Prod_canadacentral_prod-s01-021-nam-canadacentral;migrationStage=NotStarted}
{"logTime": "0416/145342", "correlationVector":"+cUVN15+Och0L7OixyeV6q.1","action":"SyncServerConnectionManagerRequest", "result":"SYNC_SERVER_OK", "context":{"environment":"Prod_eastus2_prod-s01-050-nam-eastus2", "migrationStage":"NotStarted", "server":"akswtt11300001a"}}
{"logTime": "0416/145342", "correlationVector":"+cUVN15+Och0L7OixyeV6q.2","action":"ProcessGetUpdates", "result":"Done", "context":{"dataType":"Encryption Keys", "deleted":"0", "process_failed_to_decrypt":"0", "process_pending_decryption":"0", "process_success":"1", "total":"1"}}
{"logTime": "0416/145342", "correlationVector":"i0ZrhuYzsyw/pw40ywc4j/","action":"SyncServerConnectionManagerRequest", "result":"SYNC_SERVER_OK", "context":{"environment":"", "migrationStage":"", "server":""}}
{"logTime": "0416/145342", "correlationVector":"i0ZrhuYzsyw/pw40ywc4j/.0","action":"EncryptionKeysFetcher.DownloadKeys:", "result":"Success", "context":Key count: 3, Last key timestamp: 2025-12-16T10:38:21Z}
{"logTime": "0416/145342", "correlationVector":"i0ZrhuYzsyw/pw40ywc4j/.1","action":"EncryptionKeysManager::SetEncryptionKeys:", "result":"Success", "context":Key names[3]:[75YHNq+3ol0aq8KgdipDLQfHWbTS9InKfzMZ3GubGJ3oNudj56oC/S/outoTxS919dPesMZtk71QbV1O8oHCoA==][KJCoDD8Y86v81CbiwNYnf0nx/D8ckqOUr5iQKRlbrackmJCOxmfbCwRR2Fl7Ha+RlmEstSBEjuUR3lbmymk26g==][RBXCcqw6jRG5j+VU8L4If3kizCDOYPcghBYR+rM355s6GkR27Yllnxox51wGdbzIt3oB1rFVNfShBGhTzR218w==]}
{"logTime": "0416/145342", "correlationVector":"i0ZrhuYzsyw/pw40ywc4j/.2","action":"EncryptionKeysManager::SetEncryptionKeysWithTimestamps:", "result":"Success", "context":Key timestamps[3]:[2024-12-20T08:27:39Z][2025-06-18T19:21:25Z][2025-12-16T10:38:21Z]}
{"logTime": "0416/145342", "correlationVector":"+cUVN15+Och0L7OixyeV6q","action":"Initial GetUpdates", "result":"", "context":Reason: NEW_CLIENT. cV=+cUVN15+Och0L7OixyeV6q}
{"logTime": "0416/145342", "correlationVector":"+cUVN15+Och0L7OixyeV6q.3","action":"GetUpdates Response", "result":"Success", "context":Received 1 update(s). cV=+cUVN15+Och0L7OixyeV6q.0;server=akswtt11300001a;cloudType=Consumer;environment=Prod_eastus2_prod-s01-050-nam-eastus2;migrationStage=NotStarted}
{"logTime": "0416/145342", "correlationVector":"hkG1LEqHc06uvMvGkhCS5T","action":"Initial GetUpdates", "result":"", "context":Reason: NEWLY_SUPPORTED_DATATYPE. cV=hkG1LEqHc06uvMvGkhCS5T}
{"logTime": "0416/145343", "correlationVector":"hkG1LEqHc06uvMvGkhCS5T.1","action":"SyncServerConnectionManagerRequest", "result":"SYNC_SERVER_OK", "context":{"environment":"Prod_eastus2_prod-s01-050-nam-eastus2", "migrationStage":"NotStarted", "server":"akswtt11300000c"}}
{"logTime": "0416/145343", "correlationVector":"hkG1LEqHc06uvMvGkhCS5T.2","action":"ProcessGetUpdates", "result":"Done", "context":{"dataType":"Preferences", "deleted":"0", "process_failed_to_decrypt":"0", "process_pending_decryption":"0", "process_success":"75", "total":"75"}}
{"logTime": "0416/145343", "correlationVector":"hkG1LEqHc06uvMvGkhCS5T.3","action":"ProcessGetUpdates", "result":"Done", "context":{"dataType":"Passwords", "deleted":"103", "process_failed_to_decrypt":"0", "process_pending_decryption":"0", "process_success":"166", "total":"166"}}
{"logTime": "0416/145343", "correlationVector":"hkG1LEqHc06uvMvGkhCS5T.4","action":"ProcessGetUpdates", "result":"Done", "context":{"dataType":"Device Info", "deleted":"0", "process_failed_to_decrypt":"0", "process_pending_decryption":"0", "process_success":"9", "total":"9"}}
{"logTime": "0416/145343", "correlationVector":"hkG1LEqHc06uvMvGkhCS5T.5","action":"GetUpdates Response", "result":"Success", "context":Received 250 update(s). cV=hkG1LEqHc06uvMvGkhCS5T.0;server=akswtt11300000c;cloudType=Consumer;environment=Prod_eastus2_prod-s01-050-nam-eastus2;migrationStage=NotStarted Some updates remain.}
{"logTime": "0416/145343", "correlationVector":"OTI3g8kjBmMrMLrHGcq4u1","action":"Initial GetUpdates", "result":"", "context":Reason: NEWLY_SUPPORTED_DATATYPE. cV=OTI3g8kjBmMrMLrHGcq4u1}
{"logTime": "0416/145343", "correlationVector":"OTI3g8kjBmMrMLrHGcq4u1.1","action":"SyncServerConnectionManagerRequest", "result":"SYNC_SERVER_OK", "context":{"environment":"Prod_eastus2_prod-s01-050-nam-eastus2", "migrationStage":"NotStarted", "server":"akswtt113000018"}}
{"logTime": "0416/145343", "correlationVector":"OTI3g8kjBmMrMLrHGcq4u1.2","action":"ProcessGetUpdates", "result":"Done", "context":{"dataType":"Preferences", "deleted":"0", "process_failed_to_decrypt":"0", "process_pending_decryption":"0", "process_success":"2", "total":"2"}}
{"logTime": "0416/145343", "correlationVector":"OTI3g8kjBmMrMLrHGcq4u1.3","action":"ProcessGetUpdates", "result":"Done", "context":{"dataType":"Passwords", "deleted":"0", "process_failed_to_decrypt":"0", "process_pending_decryption":"0", "process_success":"70", "total":"70"}}
{"logTime": "0416/145343", "correlationVector":"OTI3g8kjBmMrMLrHGcq4u1.4","action":"ProcessGetUpdates", "result":"Done", "context":{"dataType":"Device Info", "deleted":"0", "process_failed_to_decrypt":"0", "process_pending_decryption":"0", "process_success":"2", "total":"2"}}
{"logTime": "0416/145343", "correlationVector":"OTI3g8kjBmMrMLrHGcq4u1.5","action":"GetUpdates Response", "result":"Success", "context":Received 74 update(s). cV=OTI3g8kjBmMrMLrHGcq4u1.0;server=akswtt113000018;cloudType=Consumer;environment=Prod_eastus2_prod-s01-050-nam-eastus2;migrationStage=NotStarted}
{"logTime": "0416/145343", "correlationVector":"/iJSlLwf17Xuj7GW95z3JR","action":"Initial GetUpdates", "result":"", "context":Reason: NEWLY_SUPPORTED_DATATYPE. cV=/iJSlLwf17Xuj7GW95z3JR}
{"logTime": "0416/145343", "correlationVector":"/iJSlLwf17Xuj7GW95z3JR.1","action":"SyncServerConnectionManagerRequest", "result":"SYNC_SERVER_OK", "context":{"environment":"Prod_eastus2_prod-s01-050-nam-eastus2", "migrationStage":"NotStarted", "server":"akswtt11300001b"}}
{"logTime": "0416/145343", "correlationVector":"/iJSlLwf17Xuj7GW95z3JR.2","action":"ProcessGetUpdates", "result":"Done", "context":{"dataType":"Bookmarks", "deleted":"0", "process_failed_to_decrypt":"0", "process_pending_decryption":"0", "process_success":"17", "total":"17"}}
{"logTime": "0416/145343", "correlationVector":"/iJSlLwf17Xuj7GW95z3JR.3","action":"GetUpdates Response", "result":"Success", "context":Received 17 update(s). cV=/iJSlLwf17Xuj7GW95z3JR.0;server=akswtt11300001b;cloudType=Consumer;environment=Prod_eastus2_prod-s01-050-nam-eastus2;migrationStage=NotStarted}
{"logTime": "0416/145343", "correlationVector":"3HYGbCDISJ95KKFnZzO+XR","action":"Initial GetUpdates", "result":"", "context":Reason: NEWLY_SUPPORTED_DATATYPE. cV=3HYGbCDISJ95KKFnZzO+XR}
{"logTime": "0416/145344", "correlationVector":"3HYGbCDISJ95KKFnZzO+XR.1","action":"SyncServerConnectionManagerRequest", "result":"SYNC_SERVER_OK", "context":{"environment":"Prod_canadacentral_prod-s01-021-nam-canadacentral", "migrationStage":"NotStarted", "server":"akswtt00000000a"}}
{"logTime": "0416/145344", "correlationVector":"3HYGbCDISJ95KKFnZzO+XR.2","action":"ProcessGetUpdates", "result":"Done", "context":{"dataType":"Autofill Profiles", "deleted":"0", "process_failed_to_decrypt":"0", "process_pending_decryption":"0", "process_success":"4", "total":"4"}}
{"logTime": "0416/145344", "correlationVector":"3HYGbCDISJ95KKFnZzO+XR.3","action":"ProcessGetUpdates", "result":"Done", "context":{"dataType":"Autofill", "deleted":"0", "process_failed_to_decrypt":"0", "process_pending_decryption":"0", "process_success":"51", "total":"51"}}
{"logTime": "0416/145344", "correlationVector":"3HYGbCDISJ95KKFnZzO+XR.4","action":"ProcessGetUpdates", "result":"Done", "context":{"dataType":"Sessions", "deleted":"192", "process_failed_to_decrypt":"0", "process_pending_decryption":"0", "process_success":"192", "total":"192"}}
{"logTime": "0416/145344", "correlationVector":"3HYGbCDISJ95KKFnZzO+XR.5","action":"ProcessGetUpdates", "result":"Done", "context":{"dataType":"Web Apps", "deleted":"0", "process_failed_to_decrypt":"0", "process_pending_decryption":"0", "process_success":"1", "total":"1"}}
{"logTime": "0416/145344", "correlationVector":"3HYGbCDISJ95KKFnZzO+XR.6","action":"ProcessGetUpdates", "result":"Done", "context":{"dataType":"Edge Hub App Usage", "deleted":"0", "process_failed_to_decrypt":"0", "process_pending_decryption":"0", "process_success":"2", "total":"2"}}
{"logTime": "0416/145344", "correlationVector":"3HYGbCDISJ95KKFnZzO+XR.7","action":"GetUpdates Response", "result":"Success", "context":Received 250 update(s). cV=3HYGbCDISJ95KKFnZzO+XR.0;server=akswtt00000000a;cloudType=Consumer;environment=Prod_canadacentral_prod-s01-021-nam-canadacentral;migrationStage=NotStarted Some updates remain.}
{"logTime": "0416/145344", "correlationVector":"T8KkHyL5UigvztvmVosIRb","action":"Initial GetUpdates", "result":"", "context":Reason: NEWLY_SUPPORTED_DATATYPE. cV=T8KkHyL5UigvztvmVosIRb}
{"logTime": "0416/145345", "correlationVector":"T8KkHyL5UigvztvmVosIRb.1","action":"SyncServerConnectionManagerRequest", "result":"SYNC_SERVER_OK", "context":{"environment":"Prod_eastus2_prod-s01-050-nam-eastus2", "migrationStage":"NotStarted", "server":"akswtt11300000h"}}
{"logTime": "0416/145345", "correlationVector":"T8KkHyL5UigvztvmVosIRb.2","action":"ProcessGetUpdates", "result":"Done", "context":{"dataType":"Autofill Profiles", "deleted":"0", "process_failed_to_decrypt":"0", "process_pending_decryption":"0", "process_success":"1", "total":"1"}}
{"logTime": "0416/145345", "correlationVector":"T8KkHyL5UigvztvmVosIRb.3","action":"ProcessGetUpdates", "result":"Done", "context":{"dataType":"Autofill", "deleted":"0", "process_failed_to_decrypt":"0", "process_pending_decryption":"0", "process_success":"3", "total":"3"}}
{"logTime": "0416/145345", "correlationVector":"T8KkHyL5UigvztvmVosIRb.4","action":"ProcessGetUpdates", "result":"Done", "context":{"dataType":"Sessions", "deleted":"182", "process_failed_to_decrypt":"0", "process_pending_decryption":"0", "process_success":"222", "total":"222"}}
{"logTime": "0416/145345", "correlationVector":"T8KkHyL5UigvztvmVosIRb.5","action":"ProcessGetUpdates", "result":"Done", "context":{"dataType":"Edge Hub App Usage", "deleted":"5", "process_failed_to_decrypt":"0", "process_pending_decryption":"0", "process_success":"12", "total":"12"}}
{"logTime": "0416/145345", "correlationVector":"T8KkHyL5UigvztvmVosIRb.6","action":"GetUpdates Response", "result":"Success", "context":Received 238 update(s). cV=T8KkHyL5UigvztvmVosIRb.0;server=akswtt11300000h;cloudType=Consumer;environment=Prod_eastus2_prod-s01-050-nam-eastus2;migrationStage=NotStarted}
{"logTime": "0416/145345", "correlationVector":"vgBsb/MW06IM2BTi/vBaPv","action":"Initial GetUpdates", "result":"", "context":Reason: NEWLY_SUPPORTED_DATATYPE. cV=vgBsb/MW06IM2BTi/vBaPv}
{"logTime": "0416/145345", "correlationVector":"vgBsb/MW06IM2BTi/vBaPv.1","action":"SyncServerConnectionManagerRequest", "result":"SYNC_SERVER_OK", "context":{"environment":"Prod_eastus_prod-s01-056-nam-eastus", "migrationStage":"NotStarted", "server":"akswtt11300000h"}}
{"logTime": "0416/145345", "correlationVector":"vgBsb/MW06IM2BTi/vBaPv.2","action":"ProcessGetUpdates", "result":"Done", "context":{"dataType":"History", "deleted":"0", "process_failed_to_decrypt":"0", "process_pending_decryption":"0", "process_success":"250", "total":"250"}}
{"logTime": "0416/145345", "correlationVector":"vgBsb/MW06IM2BTi/vBaPv.3","action":"GetUpdates Response", "result":"Success", "context":Received 250 update(s). cV=vgBsb/MW06IM2BTi/vBaPv.0;server=akswtt11300000h;cloudType=Consumer;environment=Prod_eastus_prod-s01-056-nam-eastus;migrationStage=NotStarted Some updates remain.}
{"logTime": "0416/145345", "correlationVector":"4L2yIRfDfeaMmnHx+OUilP","action":"Initial GetUpdates", "result":"", "context":Reason: NEWLY_SUPPORTED_DATATYPE. cV=4L2yIRfDfeaMmnHx+OUilP}
{"logTime": "0416/145346", "correlationVector":"4L2yIRfDfeaMmnHx+OUilP.1","action":"SyncServerConnectionManagerRequest", "result":"SYNC_SERVER_OK", "context":{"environment":"Prod_canadacentral_prod-s01-021-nam-canadacentral", "migrationStage":"NotStarted", "server":"akswtt00000000a"}}
{"logTime": "0416/145346", "correlationVector":"4L2yIRfDfeaMmnHx+OUilP.2","action":"ProcessGetUpdates", "result":"Done", "context":{"dataType":"History", "deleted":"0", "process_failed_to_decrypt":"0", "process_pending_decryption":"0", "process_success":"225", "total":"225"}}
{"logTime": "0416/145346", "correlationVector":"4L2yIRfDfeaMmnHx+OUilP.3","action":"GetUpdates Response", "result":"Success", "context":Received 225 update(s). cV=4L2yIRfDfeaMmnHx+OUilP.0;server=akswtt00000000a;cloudType=Consumer;environment=Prod_canadacentral_prod-s01-021-nam-canadacentral;migrationStage=NotStarted}
{"logTime": "0416/145346", "correlationVector":"QUJEDXH6A20wG7od+Dc3z7","action":"Normal GetUpdate request", "result":"", "context":cV=QUJEDXH6A20wG7od+Dc3z7
Nudged types: Preferences, Sessions, Device Info
Refresh requested types: Bookmarks, Preferences, Passwords, Autofill Profiles, Autofill, Extensions, Sessions, Extension settings, History Delete Directives, Device Info, User Consents, Send Tab To Self, Web Apps, History, Saved Tab Group, WebAuthn Credentials, Collection, Edge E Drop, Edge Hub App Usage, Edge Wallet, Edge Workspace, Encryption Keys}
{"logTime": "0416/145346", "correlationVector":"QUJEDXH6A20wG7od+Dc3z7.1","action":"SyncServerConnectionManagerRequest", "result":"SYNC_SERVER_OK", "context":{"environment":"Prod_eastus2_prod-s01-050-nam-eastus2", "migrationStage":"NotStarted", "server":"akswtt11300000h"}}
{"logTime": "0416/145346", "correlationVector":"QUJEDXH6A20wG7od+Dc3z7.2","action":"GetUpdates Response", "result":"Success", "context":Received 0 update(s). cV=QUJEDXH6A20wG7od+Dc3z7.0;server=akswtt11300000h;cloudType=Consumer;environment=Prod_eastus2_prod-s01-050-nam-eastus2;migrationStage=NotStarted}
{"logTime": "0416/145346", "correlationVector":"czGBubcNSlMa63m/MwX/fF","action":"Commit Request", "result":"", "context":Item count: 4
Contributing types: Preferences, Sessions, Device Info}
{"logTime": "0416/145346", "correlationVector":"czGBubcNSlMa63m/MwX/fF.1","action":"SyncServerConnectionManagerRequest", "result":"SYNC_SERVER_OK", "context":{"environment":"Prod_canadacentral_prod-s01-021-nam-canadacentral", "migrationStage":"NotStarted", "server":"akswtt000000008"}}
{"logTime": "0416/145346", "correlationVector":"czGBubcNSlMa63m/MwX/fF.2","action":"Commit Response", "result":"Success", "context":Result: Success. cV=czGBubcNSlMa63m/MwX/fF.0;server=akswtt000000008;cloudType=Consumer;environment=Prod_canadacentral_prod-s01-021-nam-canadacentral;migrationStage=NotStarted}
{"logTime": "0416/145355", "correlationVector":"ZzJflbBPAezCvTIv0sq6L0","action":"Commit Request", "result":"", "context":Item count: 40
Contributing types: Passwords}
{"logTime": "0416/145356", "correlationVector":"ZzJflbBPAezCvTIv0sq6L0.1","action":"SyncServerConnectionManagerRequest", "result":"SYNC_SERVER_OK", "context":{"environment":"Prod_canadacentral_prod-s01-021-nam-canadacentral", "migrationStage":"NotStarted", "server":"akswtt000000008"}}
{"logTime": "0416/145356", "correlationVector":"ZzJflbBPAezCvTIv0sq6L0.2","action":"Commit Response", "result":"Success", "context":Result: Success. cV=ZzJflbBPAezCvTIv0sq6L0.0;server=akswtt000000008;cloudType=Consumer;environment=Prod_canadacentral_prod-s01-021-nam-canadacentral;migrationStage=NotStarted}
{"logTime": "0416/145356", "correlationVector":"/4iCRon657lFCs8loHhxsi","action":"Commit Request", "result":"", "context":Item count: 40
Contributing types: Passwords}
{"logTime": "0416/145358", "correlationVector":"/4iCRon657lFCs8loHhxsi.1","action":"SyncServerConnectionManagerRequest", "result":"SYNC_SERVER_OK", "context":{"environment":"Prod_eastus2_prod-s01-050-nam-eastus2", "migrationStage":"NotStarted", "server":"akswtt11300001b"}}
{"logTime": "0416/145358", "correlationVector":"/4iCRon657lFCs8loHhxsi.2","action":"Commit Response", "result":"Success", "context":Result: Success. cV=/4iCRon657lFCs8loHhxsi.0;server=akswtt11300001b;cloudType=Consumer;environment=Prod_eastus2_prod-s01-050-nam-eastus2;migrationStage=NotStarted}
{"logTime": "0416/145358", "correlationVector":"tCsECKKFGOOUlknR8h9Ifc","action":"Commit Request", "result":"", "context":Item count: 31
Contributing types: Preferences, Passwords, Sessions, History}
{"logTime": "0416/145401", "correlationVector":"tCsECKKFGOOUlknR8h9Ifc.1","action":"SyncServerConnectionManagerRequest", "result":"SYNC_SERVER_OK", "context":{"environment":"Prod_eastus2_prod-s01-050-nam-eastus2", "migrationStage":"NotStarted", "server":"akswtt113000015"}}
{"logTime": "0416/145401", "correlationVector":"tCsECKKFGOOUlknR8h9Ifc.2","action":"Commit Response", "result":"Success", "context":Result: Success. cV=tCsECKKFGOOUlknR8h9Ifc.0;server=akswtt113000015;cloudType=Consumer;environment=Prod_eastus2_prod-s01-050-nam-eastus2;migrationStage=NotStarted}
{"logTime": "0416/145411", "correlationVector":"9UzGadeZcKgIjKGIRDkoO8","action":"Commit Request", "result":"", "context":Item count: 1
Contributing types: Preferences}
{"logTime": "0416/145411", "correlationVector":"9UzGadeZcKgIjKGIRDkoO8.1","action":"SyncServerConnectionManagerRequest", "result":"SYNC_SERVER_OK", "context":{"environment":"Prod_canadacentral_prod-s01-021-nam-canadacentral", "migrationStage":"NotStarted", "server":"akswtt000000000"}}
{"logTime": "0416/145411", "correlationVector":"9UzGadeZcKgIjKGIRDkoO8.2","action":"Commit Response", "result":"Success", "context":Result: Success. cV=9UzGadeZcKgIjKGIRDkoO8.0;server=akswtt000000000;cloudType=Consumer;environment=Prod_canadacentral_prod-s01-021-nam-canadacentral;migrationStage=NotStarted}
{"logTime": "0416/145940", "correlationVector":"Cqg1ARdwkjl6r+PPfaoHXi","action":"Commit Request", "result":"", "context":Item count: 1
Contributing types: Sessions}
{"logTime": "0416/145941", "correlationVector":"Cqg1ARdwkjl6r+PPfaoHXi.1","action":"SyncServerConnectionManagerRequest", "result":"SYNC_SERVER_OK", "context":{"environment":"Prod_eastus2_prod-s01-050-nam-eastus2", "migrationStage":"NotStarted", "server":"akswtt11300000k"}}
{"logTime": "0416/145941", "correlationVector":"Cqg1ARdwkjl6r+PPfaoHXi.2","action":"Commit Response", "result":"Success", "context":Result: Success. cV=Cqg1ARdwkjl6r+PPfaoHXi.0;server=akswtt11300000k;cloudType=Consumer;environment=Prod_eastus2_prod-s01-050-nam-eastus2;migrationStage=NotStarted}
{"logTime": "0416/150125", "correlationVector":"YncXKGEcPdRNpmyZfCQ4q+","action":"Normal GetUpdate request", "result":"", "context":cV=YncXKGEcPdRNpmyZfCQ4q+
Notified types: History}
{"logTime": "0416/150126", "correlationVector":"YncXKGEcPdRNpmyZfCQ4q+.1","action":"SyncServerConnectionManagerRequest", "result":"SYNC_SERVER_OK", "context":{"environment":"Prod_centralus_prod-s01-068-nam-centralus", "migrationStage":"NotStarted", "server":"akswtt004000009"}}
{"logTime": "0416/150126", "correlationVector":"YncXKGEcPdRNpmyZfCQ4q+.2","action":"ProcessGetUpdates", "result":"Done", "context":{"dataType":"Preferences", "deleted":"0", "process_failed_to_decrypt":"0", "process_pending_decryption":"0", "process_success":"3", "total":"3"}}
{"logTime": "0416/150126", "correlationVector":"YncXKGEcPdRNpmyZfCQ4q+.3","action":"ProcessGetUpdates", "result":"Done", "context":{"dataType":"Passwords", "deleted":"0", "process_failed_to_decrypt":"0", "process_pending_decryption":"0", "process_success":"108", "total":"108"}}
{"logTime": "0416/150126", "correlationVector":"YncXKGEcPdRNpmyZfCQ4q+.4","action":"ProcessGetUpdates", "result":"Done", "context":{"dataType":"Sessions", "deleted":"0", "process_failed_to_decrypt":"0", "process_pending_decryption":"0", "process_success":"4", "total":"4"}}
{"logTime": "0416/150126", "correlationVector":"YncXKGEcPdRNpmyZfCQ4q+.5","action":"ProcessGetUpdates", "result":"Done", "context":{"dataType":"Device Info", "deleted":"0", "process_failed_to_decrypt":"0", "process_pending_decryption":"0", "process_success":"1", "total":"1"}}
{"logTime": "0416/150126", "correlationVector":"YncXKGEcPdRNpmyZfCQ4q+.6","action":"ProcessGetUpdates", "result":"Done", "context":{"dataType":"History", "deleted":"0", "process_failed_to_decrypt":"0", "process_pending_decryption":"0", "process_success":"4", "total":"4"}}
{"logTime": "0416/150126", "correlationVector":"YncXKGEcPdRNpmyZfCQ4q+.7","action":"GetUpdates Response", "result":"Success", "context":Received 120 update(s). cV=YncXKGEcPdRNpmyZfCQ4q+.0;server=akswtt004000009;cloudType=Consumer;environment=Prod_centralus_prod-s01-068-nam-centralus;migrationStage=NotStarted}
{"logTime": "0416/150126", "correlationVector":"2uB1t1Bosuv4xdoHBD0ED8","action":"DoCompareDataConsistency requsted types: ", "result":"Bookmarks, Preferences, Passwords, Extensions, Extension settings, History Delete Directives, Send Tab To Self, Web Apps, History, Saved Tab Group, WebAuthn Credentials, Collection, Edge E Drop, Edge Wallet, Edge Workspace, Encryption Keys"}
{"logTime": "0416/150126", "correlationVector":"2uB1t1Bosuv4xdoHBD0ED8.0","action":"CompareDataConsistency result: ", "result":"Compare result: Encryption Keys is consistent. local entities count is: 1 local entities hash is: dLVORtHvGLpb7rb2YKbwVnDKt9A="}
{"logTime": "0416/150126", "correlationVector":"2uB1t1Bosuv4xdoHBD0ED8.1","action":"CompareDataConsistency result: ", "result":"Compare result: Bookmarks is consistent. local entities count is: 11 local entities hash is: CGzt8Aw9/jIJjdYubAqLcLiupSY="}
{"logTime": "0416/150126", "correlationVector":"2uB1t1Bosuv4xdoHBD0ED8.2","action":"CompareDataConsistency result: ", "result":"Compare result: Preferences is consistent. local entities count is: 77 local entities hash is: A/7FI1HqEX5pLSWHOYQw7WxKZJo="}
{"logTime": "0416/150126", "correlationVector":"2uB1t1Bosuv4xdoHBD0ED8.3","action":"CompareDataConsistency result: ", "result":"Compare result: Extensions is consistent. local entities count is: 0 local entities hash is: "}
{"logTime": "0416/150126", "correlationVector":"2uB1t1Bosuv4xdoHBD0ED8.4","action":"CompareDataConsistency result: ", "result":"Compare result: Extension settings is consistent. local entities count is: 0 local entities hash is: "}
{"logTime": "0416/150126", "correlationVector":"2uB1t1Bosuv4xdoHBD0ED8.5","action":"CompareDataConsistency result: ", "result":"Compare result: History Delete Directives is consistent. local entities count is: 0 local entities hash is: "}
{"logTime": "0416/150126", "correlationVector":"2uB1t1Bosuv4xdoHBD0ED8.6","action":"CompareDataConsistency result: ", "result":"Server did not send this Send Tab To Self local entities count is: 0 local entities hash is: "}
{"logTime": "0416/150126", "correlationVector":"2uB1t1Bosuv4xdoHBD0ED8.7","action":"CompareDataConsistency result: ", "result":"Compare result: Web Apps is consistent. local entities count is: 1 local entities hash is: /wweL8vdkRqwyIdcPNPEAkGyfrc="}
{"logTime": "0416/150126", "correlationVector":"2uB1t1Bosuv4xdoHBD0ED8.8","action":"CompareDataConsistency result: ", "result":"Server did not send this History local entities count is: 0 local entities hash is: "}
{"logTime": "0416/150126", "correlationVector":"2uB1t1Bosuv4xdoHBD0ED8.9","action":"CompareDataConsistency result: ", "result":"Compare result: Saved Tab Group is consistent. local entities count is: 0 local entities hash is: "}
{"logTime": "0416/150126", "correlationVector":"2uB1t1Bosuv4xdoHBD0ED8.10","action":"CompareDataConsistency result: ", "result":"Server did not send this WebAuthn Credentials local entities count is: 0 local entities hash is: "}
{"logTime": "0416/150126", "correlationVector":"2uB1t1Bosuv4xdoHBD0ED8.11","action":"CompareDataConsistency result: ", "result":"Compare result: Collection is consistent. local entities count is: 0 local entities hash is: "}
{"logTime": "0416/150126", "correlationVector":"2uB1t1Bosuv4xdoHBD0ED8.12","action":"CompareDataConsistency result: ", "result":"Compare result: Edge E Drop is consistent. local entities count is: 0 local entities hash is: "}
{"logTime": "0416/150126", "correlationVector":"2uB1t1Bosuv4xdoHBD0ED8.13","action":"CompareDataConsistency result: ", "result":"Compare result: Edge Wallet is consistent. local entities count is: 0 local entities hash is: "}
{"logTime": "0416/150126", "correlationVector":"2uB1t1Bosuv4xdoHBD0ED8.14","action":"CompareDataConsistency result: ", "result":"Server did not send this Edge Workspace local entities count is: 0 local entities hash is: "}
{"logTime": "0416/150126", "correlationVector":"2uB1t1Bosuv4xdoHBD0ED8.15","action":"CompareDataConsistency result: ", "result":"Compare result: Passwords is consistent. local entities count is: 133 local entities hash is: t0YzfSOrCxc/nUNWE5a0vljpwmY="}
{"logTime": "0416/150126", "correlationVector":"","action":"DIAGNOSTIC_REQUEST|v1/diagnosticData/Diagnostic.SendCheckResult()|SUCCESS", "result":""}
{"logTime": "0416/150322", "correlationVector":"cMU+3etO8OZiY0cDQq9Mn1","action":"Normal GetUpdate request", "result":"", "context":cV=cMU+3etO8OZiY0cDQq9Mn1
Notified types: History}
{"logTime": "0416/150322", "correlationVector":"cMU+3etO8OZiY0cDQq9Mn1.1","action":"SyncServerConnectionManagerRequest", "result":"SYNC_SERVER_OK", "context":{"environment":"Prod_centralus_prod-s01-068-nam-centralus", "migrationStage":"NotStarted", "server":"akswtt004000005"}}
{"logTime": "0416/150322", "correlationVector":"cMU+3etO8OZiY0cDQq9Mn1.2","action":"ProcessGetUpdates", "result":"Done", "context":{"dataType":"Sessions", "deleted":"0", "process_failed_to_decrypt":"0", "process_pending_decryption":"0", "process_success":"1", "total":"1"}}
{"logTime": "0416/150322", "correlationVector":"cMU+3etO8OZiY0cDQq9Mn1.3","action":"ProcessGetUpdates", "result":"Done", "context":{"dataType":"History", "deleted":"0", "process_failed_to_decrypt":"0", "process_pending_decryption":"0", "process_success":"3", "total":"3"}}
{"logTime": "0416/150322", "correlationVector":"cMU+3etO8OZiY0cDQq9Mn1.4","action":"GetUpdates Response", "result":"Success", "context":Received 4 update(s). cV=cMU+3etO8OZiY0cDQq9Mn1.0;server=akswtt004000005;cloudType=Consumer;environment=Prod_centralus_prod-s01-068-nam-centralus;migrationStage=NotStarted}
{"logTime": "0416/150434", "correlationVector":"ePNYSWoWGxA2T6eNIMkUv+","action":"Normal GetUpdate request", "result":"", "context":cV=ePNYSWoWGxA2T6eNIMkUv+
Notified types: History}
{"logTime": "0416/150434", "correlationVector":"ePNYSWoWGxA2T6eNIMkUv+.1","action":"SyncServerConnectionManagerRequest", "result":"SYNC_SERVER_OK", "context":{"environment":"Prod_centralus_prod-s01-068-nam-centralus", "migrationStage":"NotStarted", "server":"akswtt00400000u"}}
{"logTime": "0416/150434", "correlationVector":"ePNYSWoWGxA2T6eNIMkUv+.2","action":"ProcessGetUpdates", "result":"Done", "context":{"dataType":"Sessions", "deleted":"0", "process_failed_to_decrypt":"0", "process_pending_decryption":"0", "process_success":"1", "total":"1"}}
{"logTime": "0416/150434", "correlationVector":"ePNYSWoWGxA2T6eNIMkUv+.3","action":"ProcessGetUpdates", "result":"Done", "context":{"dataType":"History", "deleted":"0", "process_failed_to_decrypt":"0", "process_pending_decryption":"0", "process_success":"3", "total":"3"}}
{"logTime": "0416/150434", "correlationVector":"ePNYSWoWGxA2T6eNIMkUv+.4","action":"GetUpdates Response", "result":"Success", "context":Received 4 update(s). cV=ePNYSWoWGxA2T6eNIMkUv+.0;server=akswtt00400000u;cloudType=Consumer;environment=Prod_centralus_prod-s01-068-nam-centralus;migrationStage=NotStarted}
{"logTime": "0416/150623", "correlationVector":"H8IIL+D8L1+3gkJSpvRHMf","action":"Normal GetUpdate request", "result":"", "context":cV=H8IIL+D8L1+3gkJSpvRHMf
Notified types: Device Info, History}
{"logTime": "0416/150624", "correlationVector":"H8IIL+D8L1+3gkJSpvRHMf.1","action":"SyncServerConnectionManagerRequest", "result":"SYNC_SERVER_OK", "context":{"environment":"Prod_centralus_prod-s01-068-nam-centralus", "migrationStage":"NotStarted", "server":"akswtt00400000f"}}
{"logTime": "0416/150624", "correlationVector":"H8IIL+D8L1+3gkJSpvRHMf.2","action":"ProcessGetUpdates", "result":"Done", "context":{"dataType":"Sessions", "deleted":"0", "process_failed_to_decrypt":"0", "process_pending_decryption":"0", "process_success":"3", "total":"3"}}
{"logTime": "0416/150624", "correlationVector":"H8IIL+D8L1+3gkJSpvRHMf.3","action":"ProcessGetUpdates", "result":"Done", "context":{"dataType":"Device Info", "deleted":"0", "process_failed_to_decrypt":"0", "process_pending_decryption":"0", "process_success":"1", "total":"1"}}
{"logTime": "0416/150624", "correlationVector":"H8IIL+D8L1+3gkJSpvRHMf.4","action":"ProcessGetUpdates", "result":"Done", "context":{"dataType":"History", "deleted":"0", "process_failed_to_decrypt":"0", "process_pending_decryption":"0", "process_success":"2", "total":"2"}}
{"logTime": "0416/150624", "correlationVector":"H8IIL+D8L1+3gkJSpvRHMf.5","action":"GetUpdates Response", "result":"Success", "context":Received 6 update(s). cV=H8IIL+D8L1+3gkJSpvRHMf.0;server=akswtt00400000f;cloudType=Consumer;environment=Prod_centralus_prod-s01-068-nam-centralus;migrationStage=NotStarted}
{"logTime": "0416/150628", "correlationVector":"CqTD4dFP0MsC6rdDc26RbC","action":"Normal GetUpdate request", "result":"", "context":cV=CqTD4dFP0MsC6rdDc26RbC
Notified types: Preferences}
{"logTime": "0416/150628", "correlationVector":"CqTD4dFP0MsC6rdDc26RbC.1","action":"SyncServerConnectionManagerRequest", "result":"SYNC_SERVER_OK", "context":{"environment":"Prod_centralus_prod-s01-068-nam-centralus", "migrationStage":"NotStarted", "server":"akswtt00400000o"}}
{"logTime": "0416/150628", "correlationVector":"CqTD4dFP0MsC6rdDc26RbC.2","action":"ProcessGetUpdates", "result":"Done", "context":{"dataType":"Preferences", "deleted":"0", "process_failed_to_decrypt":"0", "process_pending_decryption":"0", "process_success":"1", "total":"1"}}
{"logTime": "0416/150628", "correlationVector":"CqTD4dFP0MsC6rdDc26RbC.3","action":"ProcessGetUpdates", "result":"Done", "context":{"dataType":"Sessions", "deleted":"1", "process_failed_to_decrypt":"0", "process_pending_decryption":"0", "process_success":"1", "total":"1"}}
{"logTime": "0416/150628", "correlationVector":"CqTD4dFP0MsC6rdDc26RbC.4","action":"GetUpdates Response", "result":"Success", "context":Received 2 update(s). cV=CqTD4dFP0MsC6rdDc26RbC.0;server=akswtt00400000o;cloudType=Consumer;environment=Prod_centralus_prod-s01-068-nam-centralus;migrationStage=NotStarted}
{"logTime": "0416/150734", "correlationVector":"icMKDlgOFX6tn617StZNJB","action":"Normal GetUpdate request", "result":"", "context":cV=icMKDlgOFX6tn617StZNJB
Notified types: History}
{"logTime": "0416/150734", "correlationVector":"icMKDlgOFX6tn617StZNJB.1","action":"SyncServerConnectionManagerRequest", "result":"SYNC_SERVER_OK", "context":{"environment":"Prod_centralus_prod-s01-068-nam-centralus", "migrationStage":"NotStarted", "server":"akswtt00400000k"}}
{"logTime": "0416/150734", "correlationVector":"icMKDlgOFX6tn617StZNJB.2","action":"ProcessGetUpdates", "result":"Done", "context":{"dataType":"Sessions", "deleted":"0", "process_failed_to_decrypt":"0", "process_pending_decryption":"0", "process_success":"3", "total":"3"}}
{"logTime": "0416/150734", "correlationVector":"icMKDlgOFX6tn617StZNJB.3","action":"ProcessGetUpdates", "result":"Done", "context":{"dataType":"History", "deleted":"0", "process_failed_to_decrypt":"0", "process_pending_decryption":"0", "process_success":"11", "total":"11"}}
{"logTime": "0416/150734", "correlationVector":"icMKDlgOFX6tn617StZNJB.4","action":"GetUpdates Response", "result":"Success", "context":Received 14 update(s). cV=icMKDlgOFX6tn617StZNJB.0;server=akswtt00400000k;cloudType=Consumer;environment=Prod_centralus_prod-s01-068-nam-centralus;migrationStage=NotStarted}
{"logTime": "0416/154720", "correlationVector":"vqskxcMcnOEN9UiuXP4bSC","action":"Commit Request", "result":"", "context":Item count: 1
Contributing types: Sessions}
{"logTime": "0416/154721", "correlationVector":"vqskxcMcnOEN9UiuXP4bSC.1","action":"SyncServerConnectionManagerRequest", "result":"SYNC_SERVER_OK", "context":{"environment":"Prod_eastus_prod-s01-056-nam-eastus", "migrationStage":"NotStarted", "server":"akswtt11300000n"}}
{"logTime": "0416/154721", "correlationVector":"vqskxcMcnOEN9UiuXP4bSC.2","action":"Commit Response", "result":"Success", "context":Result: Success. cV=vqskxcMcnOEN9UiuXP4bSC.0;server=akswtt11300000n;cloudType=Consumer;environment=Prod_eastus_prod-s01-056-nam-eastus;migrationStage=NotStarted}
{"logTime": "0416/160240", "correlationVector":"hH+nQfublHIxj1sDpYMha4","action":"Normal GetUpdate request", "result":"", "context":cV=hH+nQfublHIxj1sDpYMha4
Notified types: Preferences, History}
{"logTime": "0416/160241", "correlationVector":"hH+nQfublHIxj1sDpYMha4.1","action":"SyncServerConnectionManagerRequest", "result":"SYNC_SERVER_OK", "context":{"environment":"Prod_canadacentral_prod-s01-021-nam-canadacentral", "migrationStage":"NotStarted", "server":"akswtt000000001"}}
{"logTime": "0416/160241", "correlationVector":"hH+nQfublHIxj1sDpYMha4.2","action":"ProcessGetUpdates", "result":"Done", "context":{"dataType":"Preferences", "deleted":"0", "process_failed_to_decrypt":"0", "process_pending_decryption":"0", "process_success":"1", "total":"1"}}
{"logTime": "0416/160241", "correlationVector":"hH+nQfublHIxj1sDpYMha4.3","action":"ProcessGetUpdates", "result":"Done", "context":{"dataType":"Sessions", "deleted":"0", "process_failed_to_decrypt":"0", "process_pending_decryption":"0", "process_success":"6", "total":"6"}}
{"logTime": "0416/160241", "correlationVector":"hH+nQfublHIxj1sDpYMha4.4","action":"ProcessGetUpdates", "result":"Done", "context":{"dataType":"History", "deleted":"0", "process_failed_to_decrypt":"0", "process_pending_decryption":"0", "process_success":"1", "total":"1"}}
{"logTime": "0416/160241", "correlationVector":"hH+nQfublHIxj1sDpYMha4.5","action":"GetUpdates Response", "result":"Success", "context":Received 8 update(s). cV=hH+nQfublHIxj1sDpYMha4.0;server=akswtt000000001;cloudType=Consumer;environment=Prod_canadacentral_prod-s01-021-nam-canadacentral;migrationStage=NotStarted}
{"logTime": "0416/160830", "correlationVector":"uYwbzLQ6x7cF38nQaVjMxe","action":"Normal GetUpdate request", "result":"", "context":cV=uYwbzLQ6x7cF38nQaVjMxe
Notified types: History}
{"logTime": "0416/160830", "correlationVector":"uYwbzLQ6x7cF38nQaVjMxe.1","action":"SyncServerConnectionManagerRequest", "result":"SYNC_SERVER_OK", "context":{"environment":"Prod_canadacentral_prod-s01-021-nam-canadacentral", "migrationStage":"NotStarted", "server":"akswtt00000000c"}}
{"logTime": "0416/160830", "correlationVector":"uYwbzLQ6x7cF38nQaVjMxe.2","action":"ProcessGetUpdates", "result":"Done", "context":{"dataType":"Sessions", "deleted":"1", "process_failed_to_decrypt":"0", "process_pending_decryption":"0", "process_success":"2", "total":"2"}}
{"logTime": "0416/160830", "correlationVector":"uYwbzLQ6x7cF38nQaVjMxe.3","action":"ProcessGetUpdates", "result":"Done", "context":{"dataType":"History", "deleted":"0", "process_failed_to_decrypt":"0", "process_pending_decryption":"0", "process_success":"4", "total":"4"}}
{"logTime": "0416/160830", "correlationVector":"uYwbzLQ6x7cF38nQaVjMxe.4","action":"GetUpdates Response", "result":"Success", "context":Received 6 update(s). cV=uYwbzLQ6x7cF38nQaVjMxe.0;server=akswtt00000000c;cloudType=Consumer;environment=Prod_canadacentral_prod-s01-021-nam-canadacentral;migrationStage=NotStarted}
{"logTime": "0416/161213", "correlationVector":"QD+UO4pvaZ7HB20DAI29Jn","action":"Normal GetUpdate request", "result":"", "context":cV=QD+UO4pvaZ7HB20DAI29Jn
Notified types: History}
{"logTime": "0416/161213", "correlationVector":"QD+UO4pvaZ7HB20DAI29Jn.1","action":"SyncServerConnectionManagerRequest", "result":"SYNC_SERVER_OK", "context":{"environment":"Prod_canadacentral_prod-s01-021-nam-canadacentral", "migrationStage":"NotStarted", "server":"akswtt000000003"}}
{"logTime": "0416/161213", "correlationVector":"QD+UO4pvaZ7HB20DAI29Jn.2","action":"ProcessGetUpdates", "result":"Done", "context":{"dataType":"Sessions", "deleted":"0", "process_failed_to_decrypt":"0", "process_pending_decryption":"0", "process_success":"3", "total":"3"}}
{"logTime": "0416/161213", "correlationVector":"QD+UO4pvaZ7HB20DAI29Jn.3","action":"ProcessGetUpdates", "result":"Done", "context":{"dataType":"History", "deleted":"0", "process_failed_to_decrypt":"0", "process_pending_decryption":"0", "process_success":"4", "total":"4"}}
{"logTime": "0416/161213", "correlationVector":"QD+UO4pvaZ7HB20DAI29Jn.4","action":"GetUpdates Response", "result":"Success", "context":Received 7 update(s). cV=QD+UO4pvaZ7HB20DAI29Jn.0;server=akswtt000000003;cloudType=Consumer;environment=Prod_canadacentral_prod-s01-021-nam-canadacentral;migrationStage=NotStarted}
{"logTime": "0416/162437", "correlationVector":"LZg1QLI+AGMExQJ2U+ujsS","action":"Normal GetUpdate request", "result":"", "context":cV=LZg1QLI+AGMExQJ2U+ujsS
Notified types: History}
{"logTime": "0416/162437", "correlationVector":"LZg1QLI+AGMExQJ2U+ujsS.1","action":"SyncServerConnectionManagerRequest", "result":"SYNC_SERVER_OK", "context":{"environment":"Prod_canadacentral_prod-s01-021-nam-canadacentral", "migrationStage":"NotStarted", "server":"akswtt000000003"}}
{"logTime": "0416/162437", "correlationVector":"LZg1QLI+AGMExQJ2U+ujsS.2","action":"ProcessGetUpdates", "result":"Done", "context":{"dataType":"Sessions", "deleted":"0", "process_failed_to_decrypt":"0", "process_pending_decryption":"0", "process_success":"2", "total":"2"}}
{"logTime": "0416/162437", "correlationVector":"LZg1QLI+AGMExQJ2U+ujsS.3","action":"ProcessGetUpdates", "result":"Done", "context":{"dataType":"History", "deleted":"0", "process_failed_to_decrypt":"0", "process_pending_decryption":"0", "process_success":"2", "total":"2"}}
{"logTime": "0416/162437", "correlationVector":"LZg1QLI+AGMExQJ2U+ujsS.4","action":"GetUpdates Response", "result":"Success", "context":Received 4 update(s). cV=LZg1QLI+AGMExQJ2U+ujsS.0;server=akswtt000000003;cloudType=Consumer;environment=Prod_canadacentral_prod-s01-021-nam-canadacentral;migrationStage=NotStarted}
{"logTime": "0416/221514", "correlationVector":"j8u+LehOXm6e6Z5XkiQJck","action":"Poll GetUpdate request", "result":"", "context":cV=j8u+LehOXm6e6Z5XkiQJck}
{"logTime": "0416/221515", "correlationVector":"j8u+LehOXm6e6Z5XkiQJck.1","action":"SyncServerConnectionManagerRequest", "result":"SYNC_AUTH_ERROR", "context":{"environment":"Prod_canadacentral_prod-s01-021-nam-canadacentral", "migrationStage":"NotStarted", "server":"akswtt000000005"}}
{"logTime": "0416/221515", "correlationVector":"j8u+LehOXm6e6Z5XkiQJck.2","action":"GetUpdates Response", "result":"HTTP error (401)", "context":Received error: HTTP error (401). cV=j8u+LehOXm6e6Z5XkiQJck.0;server=akswtt000000005;cloudType=Undetermined;environment=Prod_canadacentral_prod-s01-021-nam-canadacentral;migrationStage=NotStarted}
{"logTime": "0416/221517", "correlationVector":"9x/KnPcX66rzMgV9JIbCja","action":"Poll GetUpdate request", "result":"", "context":cV=9x/KnPcX66rzMgV9JIbCja}
{"logTime": "0416/221518", "correlationVector":"9x/KnPcX66rzMgV9JIbCja.1","action":"SyncServerConnectionManagerRequest", "result":"SYNC_SERVER_OK", "context":{"environment":"Prod_canadacentral_prod-s01-021-nam-canadacentral", "migrationStage":"NotStarted", "server":"akswtt00000000c"}}
{"logTime": "0416/221518", "correlationVector":"9x/KnPcX66rzMgV9JIbCja.2","action":"GetUpdates Response", "result":"Success", "context":Received 0 update(s). cV=9x/KnPcX66rzMgV9JIbCja.0;server=akswtt00000000c;cloudType=Consumer;environment=Prod_canadacentral_prod-s01-021-nam-canadacentral;migrationStage=NotStarted}
{"logTime": "0417/030835", "correlationVector":"93Q2JQzE6IYNyknvor1bHK","action":"Normal GetUpdate request", "result":"", "context":cV=93Q2JQzE6IYNyknvor1bHK
Notified types: Device Info}
{"logTime": "0417/030835", "correlationVector":"93Q2JQzE6IYNyknvor1bHK.1","action":"SyncServerConnectionManagerRequest", "result":"SYNC_SERVER_OK", "context":{"environment":"Prod_canadacentral_prod-s01-021-nam-canadacentral", "migrationStage":"NotStarted", "server":"akswtt00000000c"}}
{"logTime": "0417/030835", "correlationVector":"93Q2JQzE6IYNyknvor1bHK.2","action":"ProcessGetUpdates", "result":"Done", "context":{"dataType":"Sessions", "deleted":"0", "process_failed_to_decrypt":"0", "process_pending_decryption":"0", "process_success":"1", "total":"1"}}
{"logTime": "0417/030835", "correlationVector":"93Q2JQzE6IYNyknvor1bHK.3","action":"ProcessGetUpdates", "result":"Done", "context":{"dataType":"Device Info", "deleted":"0", "process_failed_to_decrypt":"0", "process_pending_decryption":"0", "process_success":"1", "total":"1"}}
{"logTime": "0417/030835", "correlationVector":"93Q2JQzE6IYNyknvor1bHK.4","action":"GetUpdates Response", "result":"Success", "context":Received 2 update(s). cV=93Q2JQzE6IYNyknvor1bHK.0;server=akswtt00000000c;cloudType=Consumer;environment=Prod_canadacentral_prod-s01-021-nam-canadacentral;migrationStage=NotStarted}
{"logTime": "0417/030837", "correlationVector":"N7ECV3ztI6XBW0tpwH+BWq","action":"Normal GetUpdate request", "result":"", "context":cV=N7ECV3ztI6XBW0tpwH+BWq
Notified types: Preferences}
{"logTime": "0417/030837", "correlationVector":"N7ECV3ztI6XBW0tpwH+BWq.1","action":"SyncServerConnectionManagerRequest", "result":"SYNC_SERVER_OK", "context":{"environment":"Prod_canadacentral_prod-s01-021-nam-canadacentral", "migrationStage":"NotStarted", "server":"akswtt00000000c"}}
{"logTime": "0417/030837", "correlationVector":"N7ECV3ztI6XBW0tpwH+BWq.2","action":"ProcessGetUpdates", "result":"Done", "context":{"dataType":"Preferences", "deleted":"0", "process_failed_to_decrypt":"0", "process_pending_decryption":"0", "process_success":"1", "total":"1"}}
{"logTime": "0417/030837", "correlationVector":"N7ECV3ztI6XBW0tpwH+BWq.3","action":"GetUpdates Response", "result":"Success", "context":Received 1 update(s). cV=N7ECV3ztI6XBW0tpwH+BWq.0;server=akswtt00000000c;cloudType=Consumer;environment=Prod_canadacentral_prod-s01-021-nam-canadacentral;migrationStage=NotStarted}
{"logTime": "0417/030940", "correlationVector":"2jxPdDwiGKbhuEaCSkd+K/","action":"Normal GetUpdate request", "result":"", "context":cV=2jxPdDwiGKbhuEaCSkd+K/
Notified types: History}
{"logTime": "0417/030940", "correlationVector":"2jxPdDwiGKbhuEaCSkd+K/.1","action":"SyncServerConnectionManagerRequest", "result":"SYNC_SERVER_OK", "context":{"environment":"Prod_canadacentral_prod-s01-021-nam-canadacentral", "migrationStage":"NotStarted", "server":"akswtt00000000e"}}
{"logTime": "0417/030940", "correlationVector":"2jxPdDwiGKbhuEaCSkd+K/.2","action":"ProcessGetUpdates", "result":"Done", "context":{"dataType":"Sessions", "deleted":"0", "process_failed_to_decrypt":"0", "process_pending_decryption":"0", "process_success":"4", "total":"4"}}
{"logTime": "0417/030940", "correlationVector":"2jxPdDwiGKbhuEaCSkd+K/.3","action":"ProcessGetUpdates", "result":"Done", "context":{"dataType":"History", "deleted":"0", "process_failed_to_decrypt":"0", "process_pending_decryption":"0", "process_success":"6", "total":"6"}}
{"logTime": "0417/030940", "correlationVector":"2jxPdDwiGKbhuEaCSkd+K/.4","action":"GetUpdates Response", "result":"Success", "context":Received 10 update(s). cV=2jxPdDwiGKbhuEaCSkd+K/.0;server=akswtt00000000e;cloudType=Consumer;environment=Prod_canadacentral_prod-s01-021-nam-canadacentral;migrationStage=NotStarted}
{"logTime": "0417/030945", "correlationVector":"IQaMOM0rtwlwPaL2iT3jaq","action":"Normal GetUpdate request", "result":"", "context":cV=IQaMOM0rtwlwPaL2iT3jaq
Notified types: Device Info}
{"logTime": "0417/030945", "correlationVector":"IQaMOM0rtwlwPaL2iT3jaq.1","action":"SyncServerConnectionManagerRequest", "result":"SYNC_SERVER_OK", "context":{"environment":"Prod_canadacentral_prod-s01-021-nam-canadacentral", "migrationStage":"NotStarted", "server":"akswtt00000000e"}}
{"logTime": "0417/030945", "correlationVector":"IQaMOM0rtwlwPaL2iT3jaq.2","action":"ProcessGetUpdates", "result":"Done", "context":{"dataType":"Device Info", "deleted":"0", "process_failed_to_decrypt":"0", "process_pending_decryption":"0", "process_success":"1", "total":"1"}}
{"logTime": "0417/030945", "correlationVector":"IQaMOM0rtwlwPaL2iT3jaq.3","action":"GetUpdates Response", "result":"Success", "context":Received 1 update(s). cV=IQaMOM0rtwlwPaL2iT3jaq.0;server=akswtt00000000e;cloudType=Consumer;environment=Prod_canadacentral_prod-s01-021-nam-canadacentral;migrationStage=NotStarted}
{"logTime": "0417/030947", "correlationVector":"VQz1gkMAInx+MndQfuwOh9","action":"Normal GetUpdate request", "result":"", "context":cV=VQz1gkMAInx+MndQfuwOh9
Notified types: Preferences}
{"logTime": "0417/030947", "correlationVector":"VQz1gkMAInx+MndQfuwOh9.1","action":"SyncServerConnectionManagerRequest", "result":"SYNC_SERVER_OK", "context":{"environment":"Prod_canadacentral_prod-s01-021-nam-canadacentral", "migrationStage":"NotStarted", "server":"akswtt00000000c"}}
{"logTime": "0417/030947", "correlationVector":"VQz1gkMAInx+MndQfuwOh9.2","action":"ProcessGetUpdates", "result":"Done", "context":{"dataType":"Preferences", "deleted":"0", "process_failed_to_decrypt":"0", "process_pending_decryption":"0", "process_success":"1", "total":"1"}}
{"logTime": "0417/030947", "correlationVector":"VQz1gkMAInx+MndQfuwOh9.3","action":"GetUpdates Response", "result":"Success", "context":Received 1 update(s). cV=VQz1gkMAInx+MndQfuwOh9.0;server=akswtt00000000c;cloudType=Consumer;environment=Prod_canadacentral_prod-s01-021-nam-canadacentral;migrationStage=NotStarted}
{"logTime": "0417/031000", "correlationVector":"HpweCMsfO7qaWtwoOPKMGe","action":"Normal GetUpdate request", "result":"", "context":cV=HpweCMsfO7qaWtwoOPKMGe
Notified types: Preferences, Device Info, History}
{"logTime": "0417/031000", "correlationVector":"HpweCMsfO7qaWtwoOPKMGe.1","action":"SyncServerConnectionManagerRequest", "result":"SYNC_SERVER_OK", "context":{"environment":"Prod_canadacentral_prod-s01-021-nam-canadacentral", "migrationStage":"NotStarted", "server":"akswtt000000008"}}
{"logTime": "0417/031000", "correlationVector":"HpweCMsfO7qaWtwoOPKMGe.2","action":"ProcessGetUpdates", "result":"Done", "context":{"dataType":"Preferences", "deleted":"0", "process_failed_to_decrypt":"0", "process_pending_decryption":"0", "process_success":"1", "total":"1"}}
{"logTime": "0417/031000", "correlationVector":"HpweCMsfO7qaWtwoOPKMGe.3","action":"ProcessGetUpdates", "result":"Done", "context":{"dataType":"Sessions", "deleted":"0", "process_failed_to_decrypt":"0", "process_pending_decryption":"0", "process_success":"2", "total":"2"}}
{"logTime": "0417/031000", "correlationVector":"HpweCMsfO7qaWtwoOPKMGe.4","action":"ProcessGetUpdates", "result":"Done", "context":{"dataType":"Device Info", "deleted":"0", "process_failed_to_decrypt":"0", "process_pending_decryption":"0", "process_success":"1", "total":"1"}}
{"logTime": "0417/031000", "correlationVector":"HpweCMsfO7qaWtwoOPKMGe.5","action":"ProcessGetUpdates", "result":"Done", "context":{"dataType":"History", "deleted":"0", "process_failed_to_decrypt":"0", "process_pending_decryption":"0", "process_success":"1", "total":"1"}}
{"logTime": "0417/031000", "correlationVector":"HpweCMsfO7qaWtwoOPKMGe.6","action":"GetUpdates Response", "result":"Success", "context":Received 5 update(s). cV=HpweCMsfO7qaWtwoOPKMGe.0;server=akswtt000000008;cloudType=Consumer;environment=Prod_canadacentral_prod-s01-021-nam-canadacentral;migrationStage=NotStarted}
{"logTime": "0417/031002", "correlationVector":"ByHbXPTvkw6OCOWMyIZTRL","action":"Normal GetUpdate request", "result":"", "context":cV=ByHbXPTvkw6OCOWMyIZTRL
Notified types: Preferences}
{"logTime": "0417/031002", "correlationVector":"ByHbXPTvkw6OCOWMyIZTRL.1","action":"SyncServerConnectionManagerRequest", "result":"SYNC_SERVER_OK", "context":{"environment":"Prod_canadacentral_prod-s01-021-nam-canadacentral", "migrationStage":"NotStarted", "server":"akswtt00000000c"}}
{"logTime": "0417/031002", "correlationVector":"ByHbXPTvkw6OCOWMyIZTRL.2","action":"ProcessGetUpdates", "result":"Done", "context":{"dataType":"Preferences", "deleted":"0", "process_failed_to_decrypt":"0", "process_pending_decryption":"0", "process_success":"1", "total":"1"}}
{"logTime": "0417/031002", "correlationVector":"ByHbXPTvkw6OCOWMyIZTRL.3","action":"GetUpdates Response", "result":"Success", "context":Received 1 update(s). cV=ByHbXPTvkw6OCOWMyIZTRL.0;server=akswtt00000000c;cloudType=Consumer;environment=Prod_canadacentral_prod-s01-021-nam-canadacentral;migrationStage=NotStarted}
{"logTime": "0417/031047", "correlationVector":"HoQtcATx9P33tieLun6fpR","action":"Normal GetUpdate request", "result":"", "context":cV=HoQtcATx9P33tieLun6fpR
Notified types: Preferences, Device Info, History}
{"logTime": "0417/031047", "correlationVector":"HoQtcATx9P33tieLun6fpR.1","action":"SyncServerConnectionManagerRequest", "result":"SYNC_SERVER_OK", "context":{"environment":"Prod_canadacentral_prod-s01-021-nam-canadacentral", "migrationStage":"NotStarted", "server":"akswtt00000000e"}}
{"logTime": "0417/031047", "correlationVector":"HoQtcATx9P33tieLun6fpR.2","action":"ProcessGetUpdates", "result":"Done", "context":{"dataType":"Preferences", "deleted":"0", "process_failed_to_decrypt":"0", "process_pending_decryption":"0", "process_success":"1", "total":"1"}}
{"logTime": "0417/031047", "correlationVector":"HoQtcATx9P33tieLun6fpR.3","action":"ProcessGetUpdates", "result":"Done", "context":{"dataType":"Sessions", "deleted":"0", "process_failed_to_decrypt":"0", "process_pending_decryption":"0", "process_success":"3", "total":"3"}}
{"logTime": "0417/031047", "correlationVector":"HoQtcATx9P33tieLun6fpR.4","action":"ProcessGetUpdates", "result":"Done", "context":{"dataType":"Device Info", "deleted":"0", "process_failed_to_decrypt":"0", "process_pending_decryption":"0", "process_success":"1", "total":"1"}}
{"logTime": "0417/031047", "correlationVector":"HoQtcATx9P33tieLun6fpR.5","action":"ProcessGetUpdates", "result":"Done", "context":{"dataType":"History", "deleted":"0", "process_failed_to_decrypt":"0", "process_pending_decryption":"0", "process_success":"7", "total":"7"}}
{"logTime": "0417/031047", "correlationVector":"HoQtcATx9P33tieLun6fpR.6","action":"GetUpdates Response", "result":"Success", "context":Received 12 update(s). cV=HoQtcATx9P33tieLun6fpR.0;server=akswtt00000000e;cloudType=Consumer;environment=Prod_canadacentral_prod-s01-021-nam-canadacentral;migrationStage=NotStarted}
{"logTime": "0417/031049", "correlationVector":"SYyt1P4IgYBxIa9jt/IBCI","action":"Normal GetUpdate request", "result":"", "context":cV=SYyt1P4IgYBxIa9jt/IBCI
Notified types: Preferences}
{"logTime": "0417/031050", "correlationVector":"SYyt1P4IgYBxIa9jt/IBCI.1","action":"SyncServerConnectionManagerRequest", "result":"SYNC_SERVER_OK", "context":{"environment":"Prod_canadacentral_prod-s01-021-nam-canadacentral", "migrationStage":"NotStarted", "server":"akswtt000000009"}}
{"logTime": "0417/031050", "correlationVector":"SYyt1P4IgYBxIa9jt/IBCI.2","action":"ProcessGetUpdates", "result":"Done", "context":{"dataType":"Preferences", "deleted":"0", "process_failed_to_decrypt":"0", "process_pending_decryption":"0", "process_success":"1", "total":"1"}}
{"logTime": "0417/031050", "correlationVector":"SYyt1P4IgYBxIa9jt/IBCI.3","action":"ProcessGetUpdates", "result":"Done", "context":{"dataType":"Sessions", "deleted":"0", "process_failed_to_decrypt":"0", "process_pending_decryption":"0", "process_success":"2", "total":"2"}}
{"logTime": "0417/031050", "correlationVector":"SYyt1P4IgYBxIa9jt/IBCI.4","action":"GetUpdates Response", "result":"Success", "context":Received 3 update(s). cV=SYyt1P4IgYBxIa9jt/IBCI.0;server=akswtt000000009;cloudType=Consumer;environment=Prod_canadacentral_prod-s01-021-nam-canadacentral;migrationStage=NotStarted}
{"logTime": "0417/031151", "correlationVector":"lq/LKZrYDqlc4IixefQFku","action":"Normal GetUpdate request", "result":"", "context":cV=lq/LKZrYDqlc4IixefQFku
Notified types: History}
{"logTime": "0417/031151", "correlationVector":"lq/LKZrYDqlc4IixefQFku.1","action":"SyncServerConnectionManagerRequest", "result":"SYNC_SERVER_OK", "context":{"environment":"Prod_canadacentral_prod-s01-021-nam-canadacentral", "migrationStage":"NotStarted", "server":"akswtt000000009"}}
{"logTime": "0417/031151", "correlationVector":"lq/LKZrYDqlc4IixefQFku.2","action":"ProcessGetUpdates", "result":"Done", "context":{"dataType":"Sessions", "deleted":"0", "process_failed_to_decrypt":"0", "process_pending_decryption":"0", "process_success":"12", "total":"12"}}
{"logTime": "0417/031151", "correlationVector":"lq/LKZrYDqlc4IixefQFku.3","action":"ProcessGetUpdates", "result":"Done", "context":{"dataType":"History", "deleted":"0", "process_failed_to_decrypt":"0", "process_pending_decryption":"0", "process_success":"16", "total":"16"}}
{"logTime": "0417/031151", "correlationVector":"lq/LKZrYDqlc4IixefQFku.4","action":"GetUpdates Response", "result":"Success", "context":Received 28 update(s). cV=lq/LKZrYDqlc4IixefQFku.0;server=akswtt000000009;cloudType=Consumer;environment=Prod_canadacentral_prod-s01-021-nam-canadacentral;migrationStage=NotStarted}
{"logTime": "0417/031259", "correlationVector":"T7I5GjR1JygfQnScmX8Ues","action":"Normal GetUpdate request", "result":"", "context":cV=T7I5GjR1JygfQnScmX8Ues
Notified types: History}
{"logTime": "0417/031259", "correlationVector":"T7I5GjR1JygfQnScmX8Ues.1","action":"SyncServerConnectionManagerRequest", "result":"SYNC_SERVER_OK", "context":{"environment":"Prod_canadacentral_prod-s01-021-nam-canadacentral", "migrationStage":"NotStarted", "server":"akswtt000000001"}}
{"logTime": "0417/031259", "correlationVector":"T7I5GjR1JygfQnScmX8Ues.2","action":"ProcessGetUpdates", "result":"Done", "context":{"dataType":"Sessions", "deleted":"6", "process_failed_to_decrypt":"0", "process_pending_decryption":"0", "process_success":"9", "total":"9"}}
{"logTime": "0417/031259", "correlationVector":"T7I5GjR1JygfQnScmX8Ues.3","action":"ProcessGetUpdates", "result":"Done", "context":{"dataType":"History", "deleted":"0", "process_failed_to_decrypt":"0", "process_pending_decryption":"0", "process_success":"4", "total":"4"}}
{"logTime": "0417/031259", "correlationVector":"T7I5GjR1JygfQnScmX8Ues.4","action":"GetUpdates Response", "result":"Success", "context":Received 13 update(s). cV=T7I5GjR1JygfQnScmX8Ues.0;server=akswtt000000001;cloudType=Consumer;environment=Prod_canadacentral_prod-s01-021-nam-canadacentral;migrationStage=NotStarted}
{"logTime": "0417/031408", "correlationVector":"/7LRdTwWC3E3YPwVI0u5HY","action":"Normal GetUpdate request", "result":"", "context":cV=/7LRdTwWC3E3YPwVI0u5HY
Notified types: Autofill, History}
{"logTime": "0417/031408", "correlationVector":"/7LRdTwWC3E3YPwVI0u5HY.1","action":"SyncServerConnectionManagerRequest", "result":"SYNC_SERVER_OK", "context":{"environment":"Prod_canadacentral_prod-s01-021-nam-canadacentral", "migrationStage":"NotStarted", "server":"akswtt000000001"}}
{"logTime": "0417/031408", "correlationVector":"/7LRdTwWC3E3YPwVI0u5HY.2","action":"ProcessGetUpdates", "result":"Done", "context":{"dataType":"Autofill", "deleted":"0", "process_failed_to_decrypt":"0", "process_pending_decryption":"0", "process_success":"1", "total":"1"}}
{"logTime": "0417/031408", "correlationVector":"/7LRdTwWC3E3YPwVI0u5HY.3","action":"ProcessGetUpdates", "result":"Done", "context":{"dataType":"Sessions", "deleted":"0", "process_failed_to_decrypt":"0", "process_pending_decryption":"0", "process_success":"5", "total":"5"}}
{"logTime": "0417/031408", "correlationVector":"/7LRdTwWC3E3YPwVI0u5HY.4","action":"ProcessGetUpdates", "result":"Done", "context":{"dataType":"History", "deleted":"0", "process_failed_to_decrypt":"0", "process_pending_decryption":"0", "process_success":"7", "total":"7"}}
{"logTime": "0417/031408", "correlationVector":"/7LRdTwWC3E3YPwVI0u5HY.5","action":"GetUpdates Response", "result":"Success", "context":Received 13 update(s). cV=/7LRdTwWC3E3YPwVI0u5HY.0;server=akswtt000000001;cloudType=Consumer;environment=Prod_canadacentral_prod-s01-021-nam-canadacentral;migrationStage=NotStarted}
{"logTime": "0417/031445", "correlationVector":"17BZ0mHveXfcKA7XMTUSqt","action":"Normal GetUpdate request", "result":"", "context":cV=17BZ0mHveXfcKA7XMTUSqt
Notified types: Autofill, History}
{"logTime": "0417/031445", "correlationVector":"17BZ0mHveXfcKA7XMTUSqt.1","action":"SyncServerConnectionManagerRequest", "result":"SYNC_SERVER_OK", "context":{"environment":"Prod_canadacentral_prod-s01-021-nam-canadacentral", "migrationStage":"NotStarted", "server":"akswtt000000008"}}
{"logTime": "0417/031445", "correlationVector":"17BZ0mHveXfcKA7XMTUSqt.2","action":"ProcessGetUpdates", "result":"Done", "context":{"dataType":"Autofill", "deleted":"0", "process_failed_to_decrypt":"0", "process_pending_decryption":"0", "process_success":"1", "total":"1"}}
{"logTime": "0417/031445", "correlationVector":"17BZ0mHveXfcKA7XMTUSqt.3","action":"ProcessGetUpdates", "result":"Done", "context":{"dataType":"Sessions", "deleted":"1", "process_failed_to_decrypt":"0", "process_pending_decryption":"0", "process_success":"2", "total":"2"}}
{"logTime": "0417/031445", "correlationVector":"17BZ0mHveXfcKA7XMTUSqt.4","action":"ProcessGetUpdates", "result":"Done", "context":{"dataType":"History", "deleted":"0", "process_failed_to_decrypt":"0", "process_pending_decryption":"0", "process_success":"3", "total":"3"}}
{"logTime": "0417/031445", "correlationVector":"17BZ0mHveXfcKA7XMTUSqt.5","action":"GetUpdates Response", "result":"Success", "context":Received 6 update(s). cV=17BZ0mHveXfcKA7XMTUSqt.0;server=akswtt000000008;cloudType=Consumer;environment=Prod_canadacentral_prod-s01-021-nam-canadacentral;migrationStage=NotStarted}
{"logTime": "0417/031503", "correlationVector":"8Z4jeweOAwVX1UZkSAoiE3","action":"Normal GetUpdate request", "result":"", "context":cV=8Z4jeweOAwVX1UZkSAoiE3
Notified types: Preferences, Passwords, History}
{"logTime": "0417/031503", "correlationVector":"8Z4jeweOAwVX1UZkSAoiE3.1","action":"SyncServerConnectionManagerRequest", "result":"SYNC_SERVER_OK", "context":{"environment":"Prod_canadacentral_prod-s01-021-nam-canadacentral", "migrationStage":"NotStarted", "server":"akswtt000000008"}}
{"logTime": "0417/031503", "correlationVector":"8Z4jeweOAwVX1UZkSAoiE3.2","action":"ProcessGetUpdates", "result":"Done", "context":{"dataType":"Preferences", "deleted":"0", "process_failed_to_decrypt":"0", "process_pending_decryption":"0", "process_success":"1", "total":"1"}}
{"logTime": "0417/031503", "correlationVector":"8Z4jeweOAwVX1UZkSAoiE3.3","action":"ProcessGetUpdates", "result":"Done", "context":{"dataType":"Passwords", "deleted":"0", "process_failed_to_decrypt":"0", "process_pending_decryption":"0", "process_success":"1", "total":"1"}}
{"logTime": "0417/031503", "correlationVector":"8Z4jeweOAwVX1UZkSAoiE3.4","action":"ProcessGetUpdates", "result":"Done", "context":{"dataType":"Sessions", "deleted":"0", "process_failed_to_decrypt":"0", "process_pending_decryption":"0", "process_success":"1", "total":"1"}}
{"logTime": "0417/031503", "correlationVector":"8Z4jeweOAwVX1UZkSAoiE3.5","action":"ProcessGetUpdates", "result":"Done", "context":{"dataType":"History", "deleted":"0", "process_failed_to_decrypt":"0", "process_pending_decryption":"0", "process_success":"4", "total":"4"}}
{"logTime": "0417/031503", "correlationVector":"8Z4jeweOAwVX1UZkSAoiE3.6","action":"GetUpdates Response", "result":"Success", "context":Received 7 update(s). cV=8Z4jeweOAwVX1UZkSAoiE3.0;server=akswtt000000008;cloudType=Consumer;environment=Prod_canadacentral_prod-s01-021-nam-canadacentral;migrationStage=NotStarted}
{"logTime": "0417/031504", "correlationVector":"2XQzgAJrAYzSX/WKFiKKn+","action":"Normal GetUpdate request", "result":"", "context":cV=2XQzgAJrAYzSX/WKFiKKn+
Nudged types: Preferences, Passwords
Notified types: Preferences, Passwords, History}
{"logTime": "0417/031504", "correlationVector":"2XQzgAJrAYzSX/WKFiKKn+.1","action":"SyncServerConnectionManagerRequest", "result":"SYNC_SERVER_OK", "context":{"environment":"Prod_canadacentral_prod-s01-021-nam-canadacentral", "migrationStage":"NotStarted", "server":"akswtt000000003"}}
{"logTime": "0417/031504", "correlationVector":"2XQzgAJrAYzSX/WKFiKKn+.2","action":"ProcessGetUpdates", "result":"Done", "context":{"dataType":"Preferences", "deleted":"0", "process_failed_to_decrypt":"0", "process_pending_decryption":"0", "process_success":"1", "total":"1"}}
{"logTime": "0417/031504", "correlationVector":"2XQzgAJrAYzSX/WKFiKKn+.3","action":"ProcessGetUpdates", "result":"Done", "context":{"dataType":"Passwords", "deleted":"0", "process_failed_to_decrypt":"0", "process_pending_decryption":"0", "process_success":"1", "total":"1"}}
{"logTime": "0417/031504", "correlationVector":"2XQzgAJrAYzSX/WKFiKKn+.4","action":"ProcessGetUpdates", "result":"Done", "context":{"dataType":"Sessions", "deleted":"0", "process_failed_to_decrypt":"0", "process_pending_decryption":"0", "process_success":"1", "total":"1"}}
{"logTime": "0417/031504", "correlationVector":"2XQzgAJrAYzSX/WKFiKKn+.5","action":"ProcessGetUpdates", "result":"Done", "context":{"dataType":"History", "deleted":"0", "process_failed_to_decrypt":"0", "process_pending_decryption":"0", "process_success":"3", "total":"3"}}
{"logTime": "0417/031504", "correlationVector":"2XQzgAJrAYzSX/WKFiKKn+.6","action":"GetUpdates Response", "result":"Success", "context":Received 6 update(s). cV=2XQzgAJrAYzSX/WKFiKKn+.0;server=akswtt000000003;cloudType=Consumer;environment=Prod_canadacentral_prod-s01-021-nam-canadacentral;migrationStage=NotStarted}
{"logTime": "0417/031559", "correlationVector":"r3USWp859DZG7b8lmuplVX","action":"Normal GetUpdate request", "result":"", "context":cV=r3USWp859DZG7b8lmuplVX
Notified types: Device Info, History}
{"logTime": "0417/031559", "correlationVector":"r3USWp859DZG7b8lmuplVX.1","action":"SyncServerConnectionManagerRequest", "result":"SYNC_SERVER_OK", "context":{"environment":"Prod_canadacentral_prod-s01-021-nam-canadacentral", "migrationStage":"NotStarted", "server":"akswtt000000008"}}
{"logTime": "0417/031559", "correlationVector":"r3USWp859DZG7b8lmuplVX.2","action":"ProcessGetUpdates", "result":"Done", "context":{"dataType":"Sessions", "deleted":"0", "process_failed_to_decrypt":"0", "process_pending_decryption":"0", "process_success":"4", "total":"4"}}
{"logTime": "0417/031559", "correlationVector":"r3USWp859DZG7b8lmuplVX.3","action":"ProcessGetUpdates", "result":"Done", "context":{"dataType":"Device Info", "deleted":"0", "process_failed_to_decrypt":"0", "process_pending_decryption":"0", "process_success":"1", "total":"1"}}
{"logTime": "0417/031559", "correlationVector":"r3USWp859DZG7b8lmuplVX.4","action":"ProcessGetUpdates", "result":"Done", "context":{"dataType":"History", "deleted":"0", "process_failed_to_decrypt":"0", "process_pending_decryption":"0", "process_success":"10", "total":"10"}}
{"logTime": "0417/031559", "correlationVector":"r3USWp859DZG7b8lmuplVX.5","action":"GetUpdates Response", "result":"Success", "context":Received 15 update(s). cV=r3USWp859DZG7b8lmuplVX.0;server=akswtt000000008;cloudType=Consumer;environment=Prod_canadacentral_prod-s01-021-nam-canadacentral;migrationStage=NotStarted}
{"logTime": "0417/031718", "correlationVector":"Iw9hnYolkrq2Ai+BYp/hKu","action":"Normal GetUpdate request", "result":"", "context":cV=Iw9hnYolkrq2Ai+BYp/hKu
Notified types: History}
{"logTime": "0417/031718", "correlationVector":"Iw9hnYolkrq2Ai+BYp/hKu.1","action":"SyncServerConnectionManagerRequest", "result":"SYNC_SERVER_OK", "context":{"environment":"Prod_canadacentral_prod-s01-021-nam-canadacentral", "migrationStage":"NotStarted", "server":"akswtt000000001"}}
{"logTime": "0417/031718", "correlationVector":"Iw9hnYolkrq2Ai+BYp/hKu.2","action":"ProcessGetUpdates", "result":"Done", "context":{"dataType":"Sessions", "deleted":"0", "process_failed_to_decrypt":"0", "process_pending_decryption":"0", "process_success":"5", "total":"5"}}
{"logTime": "0417/031718", "correlationVector":"Iw9hnYolkrq2Ai+BYp/hKu.3","action":"ProcessGetUpdates", "result":"Done", "context":{"dataType":"History", "deleted":"0", "process_failed_to_decrypt":"0", "process_pending_decryption":"0", "process_success":"10", "total":"10"}}
{"logTime": "0417/031718", "correlationVector":"Iw9hnYolkrq2Ai+BYp/hKu.4","action":"GetUpdates Response", "result":"Success", "context":Received 15 update(s). cV=Iw9hnYolkrq2Ai+BYp/hKu.0;server=akswtt000000001;cloudType=Consumer;environment=Prod_canadacentral_prod-s01-021-nam-canadacentral;migrationStage=NotStarted}
{"logTime": "0417/031820", "correlationVector":"xp/DHkH5FKjfsB6cMFEE4M","action":"Normal GetUpdate request", "result":"", "context":cV=xp/DHkH5FKjfsB6cMFEE4M
Notified types: History}
{"logTime": "0417/031820", "correlationVector":"xp/DHkH5FKjfsB6cMFEE4M.1","action":"SyncServerConnectionManagerRequest", "result":"SYNC_SERVER_OK", "context":{"environment":"Prod_canadacentral_prod-s01-021-nam-canadacentral", "migrationStage":"NotStarted", "server":"akswtt000000000"}}
{"logTime": "0417/031820", "correlationVector":"xp/DHkH5FKjfsB6cMFEE4M.2","action":"ProcessGetUpdates", "result":"Done", "context":{"dataType":"Sessions", "deleted":"0", "process_failed_to_decrypt":"0", "process_pending_decryption":"0", "process_success":"9", "total":"9"}}
{"logTime": "0417/031820", "correlationVector":"xp/DHkH5FKjfsB6cMFEE4M.3","action":"ProcessGetUpdates", "result":"Done", "context":{"dataType":"History", "deleted":"0", "process_failed_to_decrypt":"0", "process_pending_decryption":"0", "process_success":"21", "total":"21"}}
{"logTime": "0417/031820", "correlationVector":"xp/DHkH5FKjfsB6cMFEE4M.4","action":"GetUpdates Response", "result":"Success", "context":Received 30 update(s). cV=xp/DHkH5FKjfsB6cMFEE4M.0;server=akswtt000000000;cloudType=Consumer;environment=Prod_canadacentral_prod-s01-021-nam-canadacentral;migrationStage=NotStarted}
{"logTime": "0417/031921", "correlationVector":"fUxvUAkXSC+DkM2sN0HTnZ","action":"Normal GetUpdate request", "result":"", "context":cV=fUxvUAkXSC+DkM2sN0HTnZ
Notified types: History}
{"logTime": "0417/031921", "correlationVector":"fUxvUAkXSC+DkM2sN0HTnZ.1","action":"SyncServerConnectionManagerRequest", "result":"SYNC_SERVER_OK", "context":{"environment":"Prod_canadacentral_prod-s01-021-nam-canadacentral", "migrationStage":"NotStarted", "server":"akswtt000000008"}}
{"logTime": "0417/031921", "correlationVector":"fUxvUAkXSC+DkM2sN0HTnZ.2","action":"ProcessGetUpdates", "result":"Done", "context":{"dataType":"Sessions", "deleted":"1", "process_failed_to_decrypt":"0", "process_pending_decryption":"0", "process_success":"4", "total":"4"}}
{"logTime": "0417/031921", "correlationVector":"fUxvUAkXSC+DkM2sN0HTnZ.3","action":"ProcessGetUpdates", "result":"Done", "context":{"dataType":"History", "deleted":"0", "process_failed_to_decrypt":"0", "process_pending_decryption":"0", "process_success":"7", "total":"7"}}
{"logTime": "0417/031921", "correlationVector":"fUxvUAkXSC+DkM2sN0HTnZ.4","action":"GetUpdates Response", "result":"Success", "context":Received 11 update(s). cV=fUxvUAkXSC+DkM2sN0HTnZ.0;server=akswtt000000008;cloudType=Consumer;environment=Prod_canadacentral_prod-s01-021-nam-canadacentral;migrationStage=NotStarted}
{"logTime": "0417/032104", "correlationVector":"WtqWAQYKIZxso5VfwF2wDE","action":"Normal GetUpdate request", "result":"", "context":cV=WtqWAQYKIZxso5VfwF2wDE
Notified types: History}
{"logTime": "0417/032104", "correlationVector":"WtqWAQYKIZxso5VfwF2wDE.1","action":"SyncServerConnectionManagerRequest", "result":"SYNC_SERVER_OK", "context":{"environment":"Prod_canadacentral_prod-s01-021-nam-canadacentral", "migrationStage":"NotStarted", "server":"akswtt000000003"}}
{"logTime": "0417/032104", "correlationVector":"WtqWAQYKIZxso5VfwF2wDE.2","action":"ProcessGetUpdates", "result":"Done", "context":{"dataType":"Sessions", "deleted":"0", "process_failed_to_decrypt":"0", "process_pending_decryption":"0", "process_success":"7", "total":"7"}}
{"logTime": "0417/032104", "correlationVector":"WtqWAQYKIZxso5VfwF2wDE.3","action":"ProcessGetUpdates", "result":"Done", "context":{"dataType":"History", "deleted":"0", "process_failed_to_decrypt":"0", "process_pending_decryption":"0", "process_success":"3", "total":"3"}}
{"logTime": "0417/032104", "correlationVector":"WtqWAQYKIZxso5VfwF2wDE.4","action":"GetUpdates Response", "result":"Success", "context":Received 10 update(s). cV=WtqWAQYKIZxso5VfwF2wDE.0;server=akswtt000000003;cloudType=Consumer;environment=Prod_canadacentral_prod-s01-021-nam-canadacentral;migrationStage=NotStarted}
{"logTime": "0417/032222", "correlationVector":"DAtCs/eb77YbEFXKHmnQFl","action":"Normal GetUpdate request", "result":"", "context":cV=DAtCs/eb77YbEFXKHmnQFl
Notified types: History}
{"logTime": "0417/032222", "correlationVector":"DAtCs/eb77YbEFXKHmnQFl.1","action":"SyncServerConnectionManagerRequest", "result":"SYNC_SERVER_OK", "context":{"environment":"Prod_canadacentral_prod-s01-021-nam-canadacentral", "migrationStage":"NotStarted", "server":"akswtt000000009"}}
{"logTime": "0417/032222", "correlationVector":"DAtCs/eb77YbEFXKHmnQFl.2","action":"ProcessGetUpdates", "result":"Done", "context":{"dataType":"Sessions", "deleted":"3", "process_failed_to_decrypt":"0", "process_pending_decryption":"0", "process_success":"9", "total":"9"}}
{"logTime": "0417/032222", "correlationVector":"DAtCs/eb77YbEFXKHmnQFl.3","action":"ProcessGetUpdates", "result":"Done", "context":{"dataType":"History", "deleted":"0", "process_failed_to_decrypt":"0", "process_pending_decryption":"0", "process_success":"1", "total":"1"}}
{"logTime": "0417/032222", "correlationVector":"DAtCs/eb77YbEFXKHmnQFl.4","action":"GetUpdates Response", "result":"Success", "context":Received 10 update(s). cV=DAtCs/eb77YbEFXKHmnQFl.0;server=akswtt000000009;cloudType=Consumer;environment=Prod_canadacentral_prod-s01-021-nam-canadacentral;migrationStage=NotStarted}
{"logTime": "0417/032328", "correlationVector":"ZTN/lvq/YXze5f2jMANItF","action":"Normal GetUpdate request", "result":"", "context":cV=ZTN/lvq/YXze5f2jMANItF
Notified types: History}
{"logTime": "0417/032328", "correlationVector":"ZTN/lvq/YXze5f2jMANItF.1","action":"SyncServerConnectionManagerRequest", "result":"SYNC_SERVER_OK", "context":{"environment":"Prod_canadacentral_prod-s01-021-nam-canadacentral", "migrationStage":"NotStarted", "server":"akswtt000000004"}}
{"logTime": "0417/032328", "correlationVector":"ZTN/lvq/YXze5f2jMANItF.2","action":"ProcessGetUpdates", "result":"Done", "context":{"dataType":"Sessions", "deleted":"1", "process_failed_to_decrypt":"0", "process_pending_decryption":"0", "process_success":"6", "total":"6"}}
{"logTime": "0417/032328", "correlationVector":"ZTN/lvq/YXze5f2jMANItF.3","action":"ProcessGetUpdates", "result":"Done", "context":{"dataType":"History", "deleted":"0", "process_failed_to_decrypt":"0", "process_pending_decryption":"0", "process_success":"6", "total":"6"}}
{"logTime": "0417/032328", "correlationVector":"ZTN/lvq/YXze5f2jMANItF.4","action":"GetUpdates Response", "result":"Success", "context":Received 12 update(s). cV=ZTN/lvq/YXze5f2jMANItF.0;server=akswtt000000004;cloudType=Consumer;environment=Prod_canadacentral_prod-s01-021-nam-canadacentral;migrationStage=NotStarted}
